2020-01-05T19:14:30+00:00 CRITICAL Uncaught WC_Stripe_Exception: WP_Error Object
(
    [errors] => Array
        (
            [http_request_failed] => Array
                (
                    [0] => cURL error 6: Could not resolve host: api.stripe.com
                )

        )

    [error_data] => Array
        (
        )

)
 in C:\xampp\htdocs\maxistentialism-2019-develop\web\app\plugins\woocommerce-gateway-stripe\includes\class-wc-stripe-api.php:140
Stack trace:
#0 C:\xampp\htdocs\maxistentialism-2019-develop\web\app\plugins\woocommerce-gateway-stripe\includes\class-wc-stripe-customer.php(309): WC_Stripe_API::request(Array, 'customers/cus_G...', 'GET')
#1 C:\xampp\htdocs\maxistentialism-2019-develop\web\app\plugins\woocommerce-gateway-stripe\includes\class-wc-stripe-payment-tokens.php(103): WC_Stripe_Customer->get_sources()
#2 C:\xampp\htdocs\maxistentialism-2019-develop\web\wp\wp-includes\class-wp-hook.php(286): WC_Stripe_Payment_Tokens->woocommerce_get_customer_payment_tokens(Array, 1, 'stripe')
#3 C:\xampp\htdocs\maxistentialism-2 in C:\xampp\htdocs\maxistentialism-2019-develop\web\app\plugins\woocommerce-gateway-stripe\includes\class-wc-stripe-api.php on line 140

2020-01-05T19:15:23+00:00 CRITICAL Uncaught Symfony\Component\Debug\Exception\FatalThrowableError: Cannot use object of type WP_Error as array in C:\xampp\htdocs\maxistentialism-2019-develop\web\app\plugins\woocommerce-gateway-stripe\includes\class-wc-stripe-api.php:150
Stack trace:
#0 C:\xampp\htdocs\maxistentialism-2019-develop\web\app\plugins\woocommerce-gateway-stripe\includes\class-wc-stripe-customer.php(309): WC_Stripe_API::request(Array, 'customers/cus_G...', 'GET')
#1 C:\xampp\htdocs\maxistentialism-2019-develop\web\app\plugins\woocommerce-gateway-stripe\includes\class-wc-stripe-payment-tokens.php(103): WC_Stripe_Customer->get_sources()
#2 C:\xampp\htdocs\maxistentialism-2019-develop\web\wp\wp-includes\class-wp-hook.php(286): WC_Stripe_Payment_Tokens->woocommerce_get_customer_payment_tokens(Array, 1, 'stripe')
#3 C:\xampp\htdocs\maxistentialism-2019-develop\web\wp\wp-includes\plugin.php(208): WP_Hook->apply_filters(Array, Array)
#4 C:\xampp\htdocs\maxistentialism-2019-develop\web\app\plugins\woocommerce\includes\class-wc-payment-tokens in C:\xampp\htdocs\maxistentialism-2019-develop\web\app\plugins\woocommerce-gateway-stripe\includes\class-wc-stripe-api.php on line 150

