2019-12-18T11:49:37+00:00 CRITICAL Uncaught Symfony\Component\Debug\Exception\FatalThrowableError: Call to a member function get_id() on string in C:\xampp\htdocs\maxistentialism-2019-develop\web\app\themes\maxistentialism-2019\resources\functions.php:119
Stack trace:
#0 C:\xampp\htdocs\maxistentialism-2019-develop\web\app\uploads\cache\07c2c7d29457c404efbd2273067a55d96ffb2103.php(87): bazaarvoice_data()
#1 C:\xampp\htdocs\maxistentialism-2019-develop\web\app\themes\maxistentialism-2019\vendor\illuminate\view\Engines\PhpEngine.php(43): include('C:\\xampp\\htdocs...')
#2 C:\xampp\htdocs\maxistentialism-2019-develop\web\app\themes\maxistentialism-2019\vendor\illuminate\view\Engines\CompilerEngine.php(59): Illuminate\View\Engines\PhpEngine->evaluatePath('C:\\xampp\\htdocs...', Array)
#3 C:\xampp\htdocs\maxistentialism-2019-develop\web\app\themes\maxistentialism-2019\vendor\illuminate\view\View.php(142): Illuminate\View\Engines\CompilerEngine->get('C:\\xampp\\htdocs...', Array)
#4 C:\xampp\htdocs\maxistentialism-2019-develop\web\app\themes\maxiste in C:\xampp\htdocs\maxistentialism-2019-develop\web\app\themes\maxistentialism-2019\resources\functions.php on line 119

2019-12-18T11:49:51+00:00 CRITICAL Uncaught Symfony\Component\Debug\Exception\FatalThrowableError: Call to a member function get_id() on string in C:\xampp\htdocs\maxistentialism-2019-develop\web\app\themes\maxistentialism-2019\resources\functions.php:119
Stack trace:
#0 C:\xampp\htdocs\maxistentialism-2019-develop\web\app\uploads\cache\07c2c7d29457c404efbd2273067a55d96ffb2103.php(87): bazaarvoice_data()
#1 C:\xampp\htdocs\maxistentialism-2019-develop\web\app\themes\maxistentialism-2019\vendor\illuminate\view\Engines\PhpEngine.php(43): include('C:\\xampp\\htdocs...')
#2 C:\xampp\htdocs\maxistentialism-2019-develop\web\app\themes\maxistentialism-2019\vendor\illuminate\view\Engines\CompilerEngine.php(59): Illuminate\View\Engines\PhpEngine->evaluatePath('C:\\xampp\\htdocs...', Array)
#3 C:\xampp\htdocs\maxistentialism-2019-develop\web\app\themes\maxistentialism-2019\vendor\illuminate\view\View.php(142): Illuminate\View\Engines\CompilerEngine->get('C:\\xampp\\htdocs...', Array)
#4 C:\xampp\htdocs\maxistentialism-2019-develop\web\app\themes\maxiste in C:\xampp\htdocs\maxistentialism-2019-develop\web\app\themes\maxistentialism-2019\resources\functions.php on line 119

2019-12-18T11:50:36+00:00 CRITICAL Uncaught Symfony\Component\Debug\Exception\FatalThrowableError: Call to a member function get_id() on string in C:\xampp\htdocs\maxistentialism-2019-develop\web\app\themes\maxistentialism-2019\resources\functions.php:119
Stack trace:
#0 C:\xampp\htdocs\maxistentialism-2019-develop\web\app\uploads\cache\07c2c7d29457c404efbd2273067a55d96ffb2103.php(233): bazaarvoice_data()
#1 C:\xampp\htdocs\maxistentialism-2019-develop\web\app\themes\maxistentialism-2019\vendor\illuminate\view\Engines\PhpEngine.php(43): include('C:\\xampp\\htdocs...')
#2 C:\xampp\htdocs\maxistentialism-2019-develop\web\app\themes\maxistentialism-2019\vendor\illuminate\view\Engines\CompilerEngine.php(59): Illuminate\View\Engines\PhpEngine->evaluatePath('C:\\xampp\\htdocs...', Array)
#3 C:\xampp\htdocs\maxistentialism-2019-develop\web\app\themes\maxistentialism-2019\vendor\illuminate\view\View.php(142): Illuminate\View\Engines\CompilerEngine->get('C:\\xampp\\htdocs...', Array)
#4 C:\xampp\htdocs\maxistentialism-2019-develop\web\app\themes\maxist in C:\xampp\htdocs\maxistentialism-2019-develop\web\app\themes\maxistentialism-2019\resources\functions.php on line 119

