2019-12-25T12:59:18+00:00 CRITICAL Uncaught WC_Stripe_Exception: WP_Error Object
(
    [errors] => Array
        (
            [http_request_failed] => Array
                (
                    [0] => cURL error 28: Operation timed out after 10000 milliseconds with 0 out of 0 bytes received
                )

        )

    [error_data] => Array
        (
        )

)
 in C:\xampp\htdocs\maxistentialism-2019-develop\web\app\plugins\woocommerce-gateway-stripe\includes\class-wc-stripe-api.php:140
Stack trace:
#0 C:\xampp\htdocs\maxistentialism-2019-develop\web\app\plugins\woocommerce-gateway-stripe\includes\class-wc-stripe-customer.php(309): WC_Stripe_API::request(Array, 'customers/cus_G...', 'GET')
#1 C:\xampp\htdocs\maxistentialism-2019-develop\web\app\plugins\woocommerce-gateway-stripe\includes\class-wc-stripe-payment-tokens.php(103): WC_Stripe_Customer->get_sources()
#2 C:\xampp\htdocs\maxistentialism-2019-develop\web\wp\wp-includes\class-wp-hook.php(286): WC_Stripe_Payment_Tokens->woocommerce_get_customer_payment_tokens(Array, 1, 'stripe' in C:\xampp\htdocs\maxistentialism-2019-develop\web\app\plugins\woocommerce-gateway-stripe\includes\class-wc-stripe-api.php on line 140

2019-12-25T15:50:52+00:00 CRITICAL Uncaught Error: Using $this when not in object context in C:\xampp\htdocs\maxistentialism-2019-develop\web\app\themes\maxistentialism-2019\app\setup.php:41
Stack trace:
#0 C:\xampp\htdocs\maxistentialism-2019-develop\web\wp\wp-includes\class-wp-hook.php(286): App\{closure}('')
#1 C:\xampp\htdocs\maxistentialism-2019-develop\web\wp\wp-includes\class-wp-hook.php(310): WP_Hook->apply_filters(NULL, Array)
#2 C:\xampp\htdocs\maxistentialism-2019-develop\web\wp\wp-includes\plugin.php(465): WP_Hook->do_action(Array)
#3 C:\xampp\htdocs\maxistentialism-2019-develop\web\wp\wp-includes\script-loader.php(2537): do_action('wp_enqueue_scri...')
#4 C:\xampp\htdocs\maxistentialism-2019-develop\web\wp\wp-includes\class-wp-hook.php(286): wp_enqueue_scripts('')
#5 C:\xampp\htdocs\maxistentialism-2019-develop\web\wp\wp-includes\class-wp-hook.php(310): WP_Hook->apply_filters(NULL, Array)
#6 C:\xampp\htdocs\maxistentialism-2019-develop\web\wp\wp-includes\plugin.php(465): WP_Hook->do_action(Array)
#7 C:\xampp\htdocs\maxistentialism in C:\xampp\htdocs\maxistentialism-2019-develop\web\app\themes\maxistentialism-2019\app\setup.php on line 41

2019-12-25T15:53:06+00:00 CRITICAL Uncaught Error: Using $this when not in object context in C:\xampp\htdocs\maxistentialism-2019-develop\web\app\themes\maxistentialism-2019\app\setup.php:41
Stack trace:
#0 C:\xampp\htdocs\maxistentialism-2019-develop\web\wp\wp-includes\class-wp-hook.php(286): App\{closure}('')
#1 C:\xampp\htdocs\maxistentialism-2019-develop\web\wp\wp-includes\class-wp-hook.php(310): WP_Hook->apply_filters(NULL, Array)
#2 C:\xampp\htdocs\maxistentialism-2019-develop\web\wp\wp-includes\plugin.php(465): WP_Hook->do_action(Array)
#3 C:\xampp\htdocs\maxistentialism-2019-develop\web\wp\wp-includes\script-loader.php(2537): do_action('wp_enqueue_scri...')
#4 C:\xampp\htdocs\maxistentialism-2019-develop\web\wp\wp-includes\class-wp-hook.php(286): wp_enqueue_scripts('')
#5 C:\xampp\htdocs\maxistentialism-2019-develop\web\wp\wp-includes\class-wp-hook.php(310): WP_Hook->apply_filters(NULL, Array)
#6 C:\xampp\htdocs\maxistentialism-2019-develop\web\wp\wp-includes\plugin.php(465): WP_Hook->do_action(Array)
#7 C:\xampp\htdocs\maxistentialism in C:\xampp\htdocs\maxistentialism-2019-develop\web\app\themes\maxistentialism-2019\app\setup.php on line 41

2019-12-25T15:54:16+00:00 CRITICAL Uncaught Error: Using $this when not in object context in C:\xampp\htdocs\maxistentialism-2019-develop\web\app\themes\maxistentialism-2019\app\setup.php:78
Stack trace:
#0 C:\xampp\htdocs\maxistentialism-2019-develop\web\wp\wp-includes\class-wp-hook.php(286): App\{closure}('')
#1 C:\xampp\htdocs\maxistentialism-2019-develop\web\wp\wp-includes\class-wp-hook.php(310): WP_Hook->apply_filters(NULL, Array)
#2 C:\xampp\htdocs\maxistentialism-2019-develop\web\wp\wp-includes\plugin.php(465): WP_Hook->do_action(Array)
#3 C:\xampp\htdocs\maxistentialism-2019-develop\web\wp\wp-includes\script-loader.php(2537): do_action('wp_enqueue_scri...')
#4 C:\xampp\htdocs\maxistentialism-2019-develop\web\wp\wp-includes\class-wp-hook.php(286): wp_enqueue_scripts('')
#5 C:\xampp\htdocs\maxistentialism-2019-develop\web\wp\wp-includes\class-wp-hook.php(310): WP_Hook->apply_filters(NULL, Array)
#6 C:\xampp\htdocs\maxistentialism-2019-develop\web\wp\wp-includes\plugin.php(465): WP_Hook->do_action(Array)
#7 C:\xampp\htdocs\maxistentialism in C:\xampp\htdocs\maxistentialism-2019-develop\web\app\themes\maxistentialism-2019\app\setup.php on line 78

2019-12-25T15:55:11+00:00 CRITICAL Uncaught Error: Class 'App\WC_AJAX' not found in C:\xampp\htdocs\maxistentialism-2019-develop\web\app\themes\maxistentialism-2019\app\setup.php:81
Stack trace:
#0 C:\xampp\htdocs\maxistentialism-2019-develop\web\wp\wp-includes\class-wp-hook.php(286): App\{closure}('')
#1 C:\xampp\htdocs\maxistentialism-2019-develop\web\wp\wp-includes\class-wp-hook.php(310): WP_Hook->apply_filters(NULL, Array)
#2 C:\xampp\htdocs\maxistentialism-2019-develop\web\wp\wp-includes\plugin.php(465): WP_Hook->do_action(Array)
#3 C:\xampp\htdocs\maxistentialism-2019-develop\web\wp\wp-includes\script-loader.php(2537): do_action('wp_enqueue_scri...')
#4 C:\xampp\htdocs\maxistentialism-2019-develop\web\wp\wp-includes\class-wp-hook.php(286): wp_enqueue_scripts('')
#5 C:\xampp\htdocs\maxistentialism-2019-develop\web\wp\wp-includes\class-wp-hook.php(310): WP_Hook->apply_filters(NULL, Array)
#6 C:\xampp\htdocs\maxistentialism-2019-develop\web\wp\wp-includes\plugin.php(465): WP_Hook->do_action(Array)
#7 C:\xampp\htdocs\maxistentialism-2019-dev in C:\xampp\htdocs\maxistentialism-2019-develop\web\app\themes\maxistentialism-2019\app\setup.php on line 81

2019-12-25T16:02:18+00:00 CRITICAL Uncaught Error: Class 'App\WC_Stripe_Helper' not found in C:\xampp\htdocs\maxistentialism-2019-develop\web\app\themes\maxistentialism-2019\app\setup.php:94
Stack trace:
#0 C:\xampp\htdocs\maxistentialism-2019-develop\web\wp\wp-includes\class-wp-hook.php(286): App\{closure}('')
#1 C:\xampp\htdocs\maxistentialism-2019-develop\web\wp\wp-includes\class-wp-hook.php(310): WP_Hook->apply_filters(NULL, Array)
#2 C:\xampp\htdocs\maxistentialism-2019-develop\web\wp\wp-includes\plugin.php(465): WP_Hook->do_action(Array)
#3 C:\xampp\htdocs\maxistentialism-2019-develop\web\wp\wp-includes\script-loader.php(2537): do_action('wp_enqueue_scri...')
#4 C:\xampp\htdocs\maxistentialism-2019-develop\web\wp\wp-includes\class-wp-hook.php(286): wp_enqueue_scripts('')
#5 C:\xampp\htdocs\maxistentialism-2019-develop\web\wp\wp-includes\class-wp-hook.php(310): WP_Hook->apply_filters(NULL, Array)
#6 C:\xampp\htdocs\maxistentialism-2019-develop\web\wp\wp-includes\plugin.php(465): WP_Hook->do_action(Array)
#7 C:\xampp\htdocs\maxistentialism in C:\xampp\htdocs\maxistentialism-2019-develop\web\app\themes\maxistentialism-2019\app\setup.php on line 94

2019-12-25T16:02:50+00:00 CRITICAL Uncaught Error: Class 'App\WC_Stripe_Helper' not found in C:\xampp\htdocs\maxistentialism-2019-develop\web\app\themes\maxistentialism-2019\app\setup.php:94
Stack trace:
#0 C:\xampp\htdocs\maxistentialism-2019-develop\web\wp\wp-includes\class-wp-hook.php(286): App\{closure}('')
#1 C:\xampp\htdocs\maxistentialism-2019-develop\web\wp\wp-includes\class-wp-hook.php(310): WP_Hook->apply_filters(NULL, Array)
#2 C:\xampp\htdocs\maxistentialism-2019-develop\web\wp\wp-includes\plugin.php(465): WP_Hook->do_action(Array)
#3 C:\xampp\htdocs\maxistentialism-2019-develop\web\wp\wp-includes\script-loader.php(2537): do_action('wp_enqueue_scri...')
#4 C:\xampp\htdocs\maxistentialism-2019-develop\web\wp\wp-includes\class-wp-hook.php(286): wp_enqueue_scripts('')
#5 C:\xampp\htdocs\maxistentialism-2019-develop\web\wp\wp-includes\class-wp-hook.php(310): WP_Hook->apply_filters(NULL, Array)
#6 C:\xampp\htdocs\maxistentialism-2019-develop\web\wp\wp-includes\plugin.php(465): WP_Hook->do_action(Array)
#7 C:\xampp\htdocs\maxistentialism in C:\xampp\htdocs\maxistentialism-2019-develop\web\app\themes\maxistentialism-2019\app\setup.php on line 94

2019-12-25T16:08:51+00:00 CRITICAL Uncaught Error: Class 'App\WC_Stripe_Helper' not found in C:\xampp\htdocs\maxistentialism-2019-develop\web\app\themes\maxistentialism-2019\app\setup.php:94
Stack trace:
#0 C:\xampp\htdocs\maxistentialism-2019-develop\web\wp\wp-includes\class-wp-hook.php(286): App\{closure}('')
#1 C:\xampp\htdocs\maxistentialism-2019-develop\web\wp\wp-includes\class-wp-hook.php(310): WP_Hook->apply_filters(NULL, Array)
#2 C:\xampp\htdocs\maxistentialism-2019-develop\web\wp\wp-includes\plugin.php(465): WP_Hook->do_action(Array)
#3 C:\xampp\htdocs\maxistentialism-2019-develop\web\wp\wp-includes\script-loader.php(2537): do_action('wp_enqueue_scri...')
#4 C:\xampp\htdocs\maxistentialism-2019-develop\web\wp\wp-includes\class-wp-hook.php(286): wp_enqueue_scripts('')
#5 C:\xampp\htdocs\maxistentialism-2019-develop\web\wp\wp-includes\class-wp-hook.php(310): WP_Hook->apply_filters(NULL, Array)
#6 C:\xampp\htdocs\maxistentialism-2019-develop\web\wp\wp-includes\plugin.php(465): WP_Hook->do_action(Array)
#7 C:\xampp\htdocs\maxistentialism in C:\xampp\htdocs\maxistentialism-2019-develop\web\app\themes\maxistentialism-2019\app\setup.php on line 94

2019-12-25T16:09:48+00:00 CRITICAL Uncaught Error: Using $this when not in object context in C:\xampp\htdocs\maxistentialism-2019-develop\web\app\themes\maxistentialism-2019\app\setup.php:98
Stack trace:
#0 C:\xampp\htdocs\maxistentialism-2019-develop\web\wp\wp-includes\class-wp-hook.php(286): App\{closure}('')
#1 C:\xampp\htdocs\maxistentialism-2019-develop\web\wp\wp-includes\class-wp-hook.php(310): WP_Hook->apply_filters(NULL, Array)
#2 C:\xampp\htdocs\maxistentialism-2019-develop\web\wp\wp-includes\plugin.php(465): WP_Hook->do_action(Array)
#3 C:\xampp\htdocs\maxistentialism-2019-develop\web\wp\wp-includes\script-loader.php(2537): do_action('wp_enqueue_scri...')
#4 C:\xampp\htdocs\maxistentialism-2019-develop\web\wp\wp-includes\class-wp-hook.php(286): wp_enqueue_scripts('')
#5 C:\xampp\htdocs\maxistentialism-2019-develop\web\wp\wp-includes\class-wp-hook.php(310): WP_Hook->apply_filters(NULL, Array)
#6 C:\xampp\htdocs\maxistentialism-2019-develop\web\wp\wp-includes\plugin.php(465): WP_Hook->do_action(Array)
#7 C:\xampp\htdocs\maxistentialism in C:\xampp\htdocs\maxistentialism-2019-develop\web\app\themes\maxistentialism-2019\app\setup.php on line 98

2019-12-25T20:38:47+00:00 CRITICAL Uncaught WC_Stripe_Exception: WP_Error Object
(
    [errors] => Array
        (
            [http_request_failed] => Array
                (
                    [0] => cURL error 6: Could not resolve host: api.stripe.com
                )

        )

    [error_data] => Array
        (
        )

)
 in C:\xampp\htdocs\maxistentialism-2019-develop\web\app\plugins\woocommerce-gateway-stripe\includes\class-wc-stripe-api.php:140
Stack trace:
#0 C:\xampp\htdocs\maxistentialism-2019-develop\web\app\plugins\woocommerce-gateway-stripe\includes\class-wc-stripe-customer.php(309): WC_Stripe_API::request(Array, 'customers/cus_G...', 'GET')
#1 C:\xampp\htdocs\maxistentialism-2019-develop\web\app\plugins\woocommerce-gateway-stripe\includes\class-wc-stripe-payment-tokens.php(103): WC_Stripe_Customer->get_sources()
#2 C:\xampp\htdocs\maxistentialism-2019-develop\web\wp\wp-includes\class-wp-hook.php(286): WC_Stripe_Payment_Tokens->woocommerce_get_customer_payment_tokens(Array, 1, 'stripe')
#3 C:\xampp\htdocs\maxistentialism-2 in C:\xampp\htdocs\maxistentialism-2019-develop\web\app\plugins\woocommerce-gateway-stripe\includes\class-wc-stripe-api.php on line 140

2019-12-25T20:38:47+00:00 CRITICAL Uncaught WC_Stripe_Exception: WP_Error Object
(
    [errors] => Array
        (
            [http_request_failed] => Array
                (
                    [0] => cURL error 6: Could not resolve host: api.stripe.com
                )

        )

    [error_data] => Array
        (
        )

)
 in C:\xampp\htdocs\maxistentialism-2019-develop\web\app\plugins\woocommerce-gateway-stripe\includes\class-wc-stripe-api.php:140
Stack trace:
#0 C:\xampp\htdocs\maxistentialism-2019-develop\web\app\plugins\woocommerce-gateway-stripe\includes\class-wc-stripe-customer.php(309): WC_Stripe_API::request(Array, 'customers/cus_G...', 'GET')
#1 C:\xampp\htdocs\maxistentialism-2019-develop\web\app\plugins\woocommerce-gateway-stripe\includes\class-wc-stripe-payment-tokens.php(103): WC_Stripe_Customer->get_sources()
#2 C:\xampp\htdocs\maxistentialism-2019-develop\web\wp\wp-includes\class-wp-hook.php(286): WC_Stripe_Payment_Tokens->woocommerce_get_customer_payment_tokens(Array, 1, 'stripe')
#3 C:\xampp\htdocs\maxistentialism-2 in C:\xampp\htdocs\maxistentialism-2019-develop\web\app\plugins\woocommerce-gateway-stripe\includes\class-wc-stripe-api.php on line 140

2019-12-25T20:39:00+00:00 CRITICAL Uncaught WC_Stripe_Exception: WP_Error Object
(
    [errors] => Array
        (
            [http_request_failed] => Array
                (
                    [0] => cURL error 6: Could not resolve host: api.stripe.com
                )

        )

    [error_data] => Array
        (
        )

)
 in C:\xampp\htdocs\maxistentialism-2019-develop\web\app\plugins\woocommerce-gateway-stripe\includes\class-wc-stripe-api.php:140
Stack trace:
#0 C:\xampp\htdocs\maxistentialism-2019-develop\web\app\plugins\woocommerce-gateway-stripe\includes\class-wc-stripe-customer.php(309): WC_Stripe_API::request(Array, 'customers/cus_G...', 'GET')
#1 C:\xampp\htdocs\maxistentialism-2019-develop\web\app\plugins\woocommerce-gateway-stripe\includes\class-wc-stripe-payment-tokens.php(103): WC_Stripe_Customer->get_sources()
#2 C:\xampp\htdocs\maxistentialism-2019-develop\web\wp\wp-includes\class-wp-hook.php(286): WC_Stripe_Payment_Tokens->woocommerce_get_customer_payment_tokens(Array, 1, 'stripe')
#3 C:\xampp\htdocs\maxistentialism-2 in C:\xampp\htdocs\maxistentialism-2019-develop\web\app\plugins\woocommerce-gateway-stripe\includes\class-wc-stripe-api.php on line 140

2019-12-25T20:40:20+00:00 CRITICAL Uncaught WC_Stripe_Exception: WP_Error Object
(
    [errors] => Array
        (
            [http_request_failed] => Array
                (
                    [0] => cURL error 6: Could not resolve host: api.stripe.com
                )

        )

    [error_data] => Array
        (
        )

)
 in C:\xampp\htdocs\maxistentialism-2019-develop\web\app\plugins\woocommerce-gateway-stripe\includes\class-wc-stripe-api.php:140
Stack trace:
#0 C:\xampp\htdocs\maxistentialism-2019-develop\web\app\plugins\woocommerce-gateway-stripe\includes\class-wc-stripe-customer.php(309): WC_Stripe_API::request(Array, 'customers/cus_G...', 'GET')
#1 C:\xampp\htdocs\maxistentialism-2019-develop\web\app\plugins\woocommerce-gateway-stripe\includes\class-wc-stripe-payment-tokens.php(103): WC_Stripe_Customer->get_sources()
#2 C:\xampp\htdocs\maxistentialism-2019-develop\web\wp\wp-includes\class-wp-hook.php(286): WC_Stripe_Payment_Tokens->woocommerce_get_customer_payment_tokens(Array, 1, 'stripe')
#3 C:\xampp\htdocs\maxistentialism-2 in C:\xampp\htdocs\maxistentialism-2019-develop\web\app\plugins\woocommerce-gateway-stripe\includes\class-wc-stripe-api.php on line 140

2019-12-25T20:45:14+00:00 CRITICAL Uncaught WC_Stripe_Exception: WP_Error Object
(
    [errors] => Array
        (
            [http_request_failed] => Array
                (
                    [0] => cURL error 6: Could not resolve host: api.stripe.com
                )

        )

    [error_data] => Array
        (
        )

)
 in C:\xampp\htdocs\maxistentialism-2019-develop\web\app\plugins\woocommerce-gateway-stripe\includes\class-wc-stripe-api.php:140
Stack trace:
#0 C:\xampp\htdocs\maxistentialism-2019-develop\web\app\plugins\woocommerce-gateway-stripe\includes\class-wc-stripe-customer.php(309): WC_Stripe_API::request(Array, 'customers/cus_G...', 'GET')
#1 C:\xampp\htdocs\maxistentialism-2019-develop\web\app\plugins\woocommerce-gateway-stripe\includes\class-wc-stripe-payment-tokens.php(103): WC_Stripe_Customer->get_sources()
#2 C:\xampp\htdocs\maxistentialism-2019-develop\web\wp\wp-includes\class-wp-hook.php(286): WC_Stripe_Payment_Tokens->woocommerce_get_customer_payment_tokens(Array, 1, 'stripe')
#3 C:\xampp\htdocs\maxistentialism-2 in C:\xampp\htdocs\maxistentialism-2019-develop\web\app\plugins\woocommerce-gateway-stripe\includes\class-wc-stripe-api.php on line 140

2019-12-25T20:45:20+00:00 CRITICAL Uncaught WC_Stripe_Exception: WP_Error Object
(
    [errors] => Array
        (
            [http_request_failed] => Array
                (
                    [0] => cURL error 6: Could not resolve host: api.stripe.com
                )

        )

    [error_data] => Array
        (
        )

)
 in C:\xampp\htdocs\maxistentialism-2019-develop\web\app\plugins\woocommerce-gateway-stripe\includes\class-wc-stripe-api.php:140
Stack trace:
#0 C:\xampp\htdocs\maxistentialism-2019-develop\web\app\plugins\woocommerce-gateway-stripe\includes\class-wc-stripe-customer.php(309): WC_Stripe_API::request(Array, 'customers/cus_G...', 'GET')
#1 C:\xampp\htdocs\maxistentialism-2019-develop\web\app\plugins\woocommerce-gateway-stripe\includes\class-wc-stripe-payment-tokens.php(103): WC_Stripe_Customer->get_sources()
#2 C:\xampp\htdocs\maxistentialism-2019-develop\web\wp\wp-includes\class-wp-hook.php(286): WC_Stripe_Payment_Tokens->woocommerce_get_customer_payment_tokens(Array, 1, 'stripe')
#3 C:\xampp\htdocs\maxistentialism-2 in C:\xampp\htdocs\maxistentialism-2019-develop\web\app\plugins\woocommerce-gateway-stripe\includes\class-wc-stripe-api.php on line 140

2019-12-25T20:46:19+00:00 CRITICAL Uncaught WC_Stripe_Exception: WP_Error Object
(
    [errors] => Array
        (
            [http_request_failed] => Array
                (
                    [0] => cURL error 6: Could not resolve host: api.stripe.com
                )

        )

    [error_data] => Array
        (
        )

)
 in C:\xampp\htdocs\maxistentialism-2019-develop\web\app\plugins\woocommerce-gateway-stripe\includes\class-wc-stripe-api.php:140
Stack trace:
#0 C:\xampp\htdocs\maxistentialism-2019-develop\web\app\plugins\woocommerce-gateway-stripe\includes\class-wc-stripe-customer.php(309): WC_Stripe_API::request(Array, 'customers/cus_G...', 'GET')
#1 C:\xampp\htdocs\maxistentialism-2019-develop\web\app\plugins\woocommerce-gateway-stripe\includes\class-wc-stripe-payment-tokens.php(103): WC_Stripe_Customer->get_sources()
#2 C:\xampp\htdocs\maxistentialism-2019-develop\web\wp\wp-includes\class-wp-hook.php(286): WC_Stripe_Payment_Tokens->woocommerce_get_customer_payment_tokens(Array, 1, 'stripe')
#3 C:\xampp\htdocs\maxistentialism-2 in C:\xampp\htdocs\maxistentialism-2019-develop\web\app\plugins\woocommerce-gateway-stripe\includes\class-wc-stripe-api.php on line 140

