2020-01-07T14:37:26+00:00 CRITICAL Uncaught WC_Stripe_Exception: WP_Error Object
(
    [errors] => Array
        (
            [http_request_failed] => Array
                (
                    [0] => cURL error 6: Could not resolve host: api.stripe.com
                )

        )

    [error_data] => Array
        (
        )

)
 in C:\xampp\htdocs\maxistentialism-2019-develop\web\app\plugins\woocommerce-gateway-stripe\includes\class-wc-stripe-api.php:140
Stack trace:
#0 C:\xampp\htdocs\maxistentialism-2019-develop\web\app\plugins\woocommerce-gateway-stripe\includes\class-wc-stripe-customer.php(309): WC_Stripe_API::request(Array, 'customers/cus_G...', 'GET')
#1 C:\xampp\htdocs\maxistentialism-2019-develop\web\app\plugins\woocommerce-gateway-stripe\includes\class-wc-stripe-payment-tokens.php(103): WC_Stripe_Customer->get_sources()
#2 C:\xampp\htdocs\maxistentialism-2019-develop\web\wp\wp-includes\class-wp-hook.php(286): WC_Stripe_Payment_Tokens->woocommerce_get_customer_payment_tokens(Array, 1, 'stripe')
#3 C:\xampp\htdocs\maxistentialism-2 in C:\xampp\htdocs\maxistentialism-2019-develop\web\app\plugins\woocommerce-gateway-stripe\includes\class-wc-stripe-api.php on line 140

2020-01-07T14:37:35+00:00 CRITICAL Uncaught WC_Stripe_Exception: WP_Error Object
(
    [errors] => Array
        (
            [http_request_failed] => Array
                (
                    [0] => cURL error 6: Could not resolve host: api.stripe.com
                )

        )

    [error_data] => Array
        (
        )

)
 in C:\xampp\htdocs\maxistentialism-2019-develop\web\app\plugins\woocommerce-gateway-stripe\includes\class-wc-stripe-api.php:140
Stack trace:
#0 C:\xampp\htdocs\maxistentialism-2019-develop\web\app\plugins\woocommerce-gateway-stripe\includes\class-wc-stripe-customer.php(309): WC_Stripe_API::request(Array, 'customers/cus_G...', 'GET')
#1 C:\xampp\htdocs\maxistentialism-2019-develop\web\app\plugins\woocommerce-gateway-stripe\includes\class-wc-stripe-payment-tokens.php(103): WC_Stripe_Customer->get_sources()
#2 C:\xampp\htdocs\maxistentialism-2019-develop\web\wp\wp-includes\class-wp-hook.php(286): WC_Stripe_Payment_Tokens->woocommerce_get_customer_payment_tokens(Array, 1, 'stripe')
#3 C:\xampp\htdocs\maxistentialism-2 in C:\xampp\htdocs\maxistentialism-2019-develop\web\app\plugins\woocommerce-gateway-stripe\includes\class-wc-stripe-api.php on line 140

