2019-12-18T12:38:31+00:00 INFO Generating payment form for order 55. Notify URL: http://max.local/wc-api/WC_Gateway_Paypal/
2019-12-18T12:38:31+00:00 INFO PayPal Request Args for order 55: Array
(
    [cmd] => _cart
    [business] => technology@brightbrightgreat.com
    [no_note] => 1
    [currency_code] => USD
    [charset] => utf-8
    [rm] => 1
    [upload] => 1
    [return] => http://max.local/checkout/order-received/55/?key=wc_order_EtAWJGIEWl7Lk&utm_nooverride=1
    [cancel_return] => http://max.local/cart/?cancel_order=true&order=wc_order_EtAWJGIEWl7Lk&order_id=55&redirect&_wpnonce=edaceb3f1b
    [page_style] => 
    [image_url] => 
    [paymentaction] => sale
    [invoice] => WC-55
    [custom] => {"order_id":55,"order_key":"wc_order_EtAWJGIEWl7Lk"}
    [notify_url] => http://max.local/wc-api/WC_Gateway_Paypal/
    [first_name] => ***
    [last_name] => ***
    [address1] => ***
    [address2] => ***
    [city] => ***
    [state] => ***
    [zip] => ***
    [country] => ***
    [email] => ***@***
    [night_phone_a] => ***
    [night_phone_b] => ***
    [no_shipping] => 1
    [tax_cart] => 0.00
    [item_name_1] => Tableflip
    [quantity_1] => 1
    [amount_1] => 9
    [item_number_1] => 
    [bn] => WooThemes_Cart
)

2019-12-18T12:39:19+00:00 INFO Generating payment form for order 55. Notify URL: http://max.local/wc-api/WC_Gateway_Paypal/
2019-12-18T12:39:19+00:00 INFO PayPal Request Args for order 55: Array
(
    [cmd] => _cart
    [business] => technology@brightbrightgreat.com
    [no_note] => 1
    [currency_code] => USD
    [charset] => utf-8
    [rm] => 1
    [upload] => 1
    [return] => http://max.local/checkout/order-received/55/?key=wc_order_EtAWJGIEWl7Lk&utm_nooverride=1
    [cancel_return] => http://max.local/cart/?cancel_order=true&order=wc_order_EtAWJGIEWl7Lk&order_id=55&redirect&_wpnonce=edaceb3f1b
    [page_style] => 
    [image_url] => 
    [paymentaction] => sale
    [invoice] => WC-55
    [custom] => {"order_id":55,"order_key":"wc_order_EtAWJGIEWl7Lk"}
    [notify_url] => http://max.local/wc-api/WC_Gateway_Paypal/
    [first_name] => ***
    [last_name] => ***
    [address1] => ***
    [address2] => ***
    [city] => ***
    [state] => ***
    [zip] => ***
    [country] => ***
    [email] => ***@***
    [night_phone_a] => ***
    [night_phone_b] => ***
    [no_shipping] => 1
    [tax_cart] => 0.00
    [item_name_1] => Tableflip
    [quantity_1] => 1
    [amount_1] => 9
    [item_number_1] => 
    [bn] => WooThemes_Cart
)

