2020-01-04T12:35:49+00:00 DEBUG 
====Stripe Version: 4.3.1====
====Start Log====
customers/cus_GQPwar75uKSJUP/sources request: Array
(
    [limit] => 100
)

====End Log====


2020-01-04T12:35:58+00:00 DEBUG 
====Stripe Version: 4.3.1====
====Start Log====
customers/cus_GQPwar75uKSJUP/sources request: Array
(
    [limit] => 100
)

====End Log====


2020-01-04T15:34:25+00:00 DEBUG 
====Stripe Version: 4.3.1====
====Start Log====
customers/cus_GQPwar75uKSJUP/sources request: Array
(
    [limit] => 100
)

====End Log====


2020-01-04T15:34:32+00:00 DEBUG 
====Stripe Version: 4.3.1====
====Start Log====
customers/cus_GQPwar75uKSJUP/sources request: Array
(
    [limit] => 100
)

====End Log====


2020-01-04T15:39:53+00:00 DEBUG 
====Stripe Version: 4.3.1====
====Start Log====
customers/cus_GQPwar75uKSJUP/sources request: Array
(
    [limit] => 100
)

====End Log====


2020-01-04T15:40:02+00:00 DEBUG 
====Stripe Version: 4.3.1====
====Start Log====
customers/cus_GQPwar75uKSJUP/sources request: Array
(
    [limit] => 100
)

====End Log====


2020-01-04T15:48:54+00:00 DEBUG 
====Stripe Version: 4.3.1====
====Start Log====
customers/cus_GQPwar75uKSJUP/sources request: Array
(
    [limit] => 100
)

====End Log====


2020-01-04T15:49:05+00:00 DEBUG 
====Stripe Version: 4.3.1====
====Start Log====
customers/cus_GQPwar75uKSJUP/sources request: Array
(
    [limit] => 100
)

====End Log====


2020-01-04T15:55:01+00:00 DEBUG 
====Stripe Version: 4.3.1====
====Start Log====
customers/cus_GQPwar75uKSJUP/sources request: Array
(
    [limit] => 100
)

====End Log====


2020-01-04T15:55:10+00:00 DEBUG 
====Stripe Version: 4.3.1====
====Start Log====
customers/cus_GQPwar75uKSJUP/sources request: Array
(
    [limit] => 100
)

====End Log====


2020-01-04T16:00:45+00:00 DEBUG 
====Stripe Version: 4.3.1====
====Start Log====
customers/cus_GQPwar75uKSJUP/sources request: Array
(
    [limit] => 100
)

====End Log====


2020-01-04T16:00:54+00:00 DEBUG 
====Stripe Version: 4.3.1====
====Start Log====
customers/cus_GQPwar75uKSJUP/sources request: Array
(
    [limit] => 100
)

====End Log====


2020-01-04T16:16:07+00:00 DEBUG 
====Stripe Version: 4.3.1====
====Start Log====
customers/cus_GQPwar75uKSJUP/sources request: Array
(
    [limit] => 100
)

====End Log====


2020-01-04T16:16:15+00:00 DEBUG 
====Stripe Version: 4.3.1====
====Start Log====
customers/cus_GQPwar75uKSJUP/sources request: Array
(
    [limit] => 100
)

====End Log====


2020-01-04T16:33:58+00:00 DEBUG 
====Stripe Version: 4.3.1====
====Start Log====
customers/cus_GQPwar75uKSJUP/sources request: Array
(
    [limit] => 100
)

====End Log====


2020-01-04T16:34:01+00:00 DEBUG 
====Stripe Version: 4.3.1====
====Start Log====
customers/cus_GQPwar75uKSJUP/sources request: Array
(
    [limit] => 100
)

====End Log====


2020-01-04T16:34:06+00:00 DEBUG 
====Stripe Version: 4.3.1====
====Start Log====
customers/cus_GQPwar75uKSJUP/sources request: Array
(
    [limit] => 100
)

====End Log====


2020-01-04T16:34:28+00:00 DEBUG 
====Stripe Version: 4.3.1====
====Start Log====
customers/cus_GQPwar75uKSJUP/sources request: Array
(
    [limit] => 100
)

====End Log====


2020-01-04T16:34:28+00:00 DEBUG 
====Stripe Version: 4.3.1====
====Start Log====
customers/cus_GQPwar75uKSJUP/sources request: Array
(
    [limit] => 100
)

====End Log====


2020-01-04T16:34:29+00:00 DEBUG 
====Stripe Version: 4.3.1====
====Start Log====
customers/cus_GQPwar75uKSJUP/sources request: Array
(
    [limit] => 100
)

====End Log====


2020-01-04T16:34:29+00:00 DEBUG 
====Stripe Version: 4.3.1====
====Start Log====
customers/cus_GQPwar75uKSJUP/sources request: Array
(
    [limit] => 100
)

====End Log====


2020-01-04T16:34:30+00:00 DEBUG 
====Stripe Version: 4.3.1====
====Start Log====
customers/cus_GQPwar75uKSJUP/sources request: Array
(
    [limit] => 100
)

====End Log====


2020-01-04T16:34:44+00:00 DEBUG 
====Stripe Version: 4.3.1====
====Start Log====
customers/cus_GQPwar75uKSJUP/sources request: Array
(
    [limit] => 100
)

====End Log====


2020-01-04T16:35:02+00:00 DEBUG 
====Stripe Version: 4.3.1====
====Start Log====
customers/cus_GQPwar75uKSJUP/sources request: Array
(
    [limit] => 100
)

====End Log====


2020-01-04T16:35:04+00:00 DEBUG 
====Stripe Version: 4.3.1====
====Start Log====
customers/cus_GQPwar75uKSJUP/sources request: Array
(
    [limit] => 100
)

====End Log====


2020-01-04T16:35:06+00:00 DEBUG 
====Stripe Version: 4.3.1====
====Start Log====
customers/cus_GQPwar75uKSJUP/sources request: Array
(
    [limit] => 100
)

====End Log====


2020-01-04T16:35:26+00:00 DEBUG 
====Stripe Version: 4.3.1====
====Start Log====
customers/cus_GQPwar75uKSJUP/sources request: Array
(
    [limit] => 100
)

====End Log====


2020-01-04T16:35:26+00:00 DEBUG 
====Stripe Version: 4.3.1====
====Start Log====
customers/cus_GQPwar75uKSJUP/sources request: Array
(
    [limit] => 100
)

====End Log====


2020-01-04T16:38:39+00:00 DEBUG 
====Stripe Version: 4.3.1====
====Start Log====
customers/cus_GQPwar75uKSJUP/sources request: Array
(
    [limit] => 100
)

====End Log====


2020-01-04T16:38:47+00:00 DEBUG 
====Stripe Version: 4.3.1====
====Start Log====
customers/cus_GQPwar75uKSJUP/sources request: Array
(
    [limit] => 100
)

====End Log====


2020-01-04T16:41:53+00:00 DEBUG 
====Stripe Version: 4.3.1====
====Start Log====
customers/cus_GQPwar75uKSJUP/sources request: Array
(
    [limit] => 100
)

====End Log====


2020-01-04T16:42:00+00:00 DEBUG 
====Stripe Version: 4.3.1====
====Start Log====
customers/cus_GQPwar75uKSJUP/sources request: Array
(
    [limit] => 100
)

====End Log====


2020-01-04T17:00:55+00:00 DEBUG 
====Stripe Version: 4.3.1====
====Start Log====
customers/cus_GQPwar75uKSJUP/sources request: Array
(
    [limit] => 100
)

====End Log====


2020-01-04T17:01:05+00:00 DEBUG 
====Stripe Version: 4.3.1====
====Start Log====
customers/cus_GQPwar75uKSJUP/sources request: Array
(
    [limit] => 100
)

====End Log====


2020-01-04T17:07:05+00:00 DEBUG 
====Stripe Version: 4.3.1====
====Start Log====
customers/cus_GQPwar75uKSJUP/sources request: Array
(
    [limit] => 100
)

====End Log====


2020-01-04T17:07:15+00:00 DEBUG 
====Stripe Version: 4.3.1====
====Start Log====
customers/cus_GQPwar75uKSJUP/sources request: Array
(
    [limit] => 100
)

====End Log====


2020-01-04T17:11:54+00:00 DEBUG 
====Stripe Version: 4.3.1====
====Start Log====
customers/cus_GQPwar75uKSJUP/sources request: Array
(
    [limit] => 100
)

====End Log====


2020-01-04T17:11:56+00:00 DEBUG 
====Stripe Version: 4.3.1====
====Start Log====
customers/cus_GQPwar75uKSJUP/sources request: Array
(
    [limit] => 100
)

====End Log====


2020-01-04T17:12:05+00:00 DEBUG 
====Stripe Version: 4.3.1====
====Start Log====
customers/cus_GQPwar75uKSJUP/sources request: Array
(
    [limit] => 100
)

====End Log====


2020-01-04T17:12:18+00:00 DEBUG 
====Stripe Version: 4.3.1====
====Start Log====
customers/cus_GQPwar75uKSJUP/sources request: Array
(
    [limit] => 100
)

====End Log====


2020-01-04T17:13:17+00:00 DEBUG 
====Stripe Version: 4.3.1====
====Start Log====
customers/cus_GQPwar75uKSJUP request: Array
(
    [email] => technology@brightbrightgreat.com
    [description] => Name: Cadman Hatfield, Username: Cadman
    [metadata] => Array
        (
        )

)

====End Log====


2020-01-04T17:13:19+00:00 DEBUG 
====Stripe Version: 4.3.1====
====Start Log====
Error: stdClass Object
(
    [token_id] => 
    [customer] => cus_GQPwar75uKSJUP
    [source] => 
    [source_object] => 
)

====End Log====


2020-01-04T17:13:37+00:00 DEBUG 
====Stripe Version: 4.3.1====
====Start Log====
customers/cus_GQPwar75uKSJUP request: Array
(
    [email] => technology@brightbrightgreat.com
    [description] => Name: Cadman Hatfield, Username: Cadman
    [metadata] => Array
        (
        )

)

====End Log====


2020-01-04T17:13:38+00:00 DEBUG 
====Stripe Version: 4.3.1====
====Start Log====
Error: stdClass Object
(
    [token_id] => 
    [customer] => cus_GQPwar75uKSJUP
    [source] => 
    [source_object] => 
)

====End Log====


2020-01-04T17:30:34+00:00 DEBUG 
====Stripe Version: 4.3.1====
====Start Log====
sources/src_1FxGSIG6VLS1ev4AJr7TKPJA
====End Log====


2020-01-04T17:30:36+00:00 DEBUG 
====Stripe Version: 4.3.1====
====Start Log====
customers/cus_GQPwar75uKSJUP request: Array
(
    [email] => technology@brightbrightgreat.com
    [description] => Name: Kristen Ashley, Username: Kristen
    [metadata] => Array
        (
        )

)

====End Log====


2020-01-04T17:30:37+00:00 DEBUG 
====Stripe Version: 4.3.1====
====Start Log====
Info: Begin processing payment for order 63 for the amount of 9.00
====End Log====


2020-01-04T17:30:37+00:00 DEBUG 
====Stripe Version: 4.3.1====
====Start Log====
payment_intents request: Array
(
    [source] => src_1FxGSIG6VLS1ev4AJr7TKPJA
    [amount] => 900
    [currency] => usd
    [description] => Maxistentialism - Order 63
    [metadata] => Array
        (
            [customer_name] => Kristen Ashley
            [customer_email] => hosopocev@mailinator.net
            [order_id] => 63
        )

    [capture_method] => automatic
    [payment_method_types] => Array
        (
            [0] => card
        )

    [customer] => cus_GQPwar75uKSJUP
)

====End Log====


2020-01-04T17:30:39+00:00 DEBUG 
====Stripe Version: 4.3.1====
====Start Log====
Stripe PaymentIntent pi_1FxGSTG6VLS1ev4AnGpUCVv2 initiated for order 63
====End Log====


2020-01-04T17:30:39+00:00 DEBUG 
====Stripe Version: 4.3.1====
====Start Log====
payment_intents/pi_1FxGSTG6VLS1ev4AnGpUCVv2/confirm request: Array
(
    [source] => src_1FxGSIG6VLS1ev4AJr7TKPJA
)

====End Log====


2020-01-04T17:30:42+00:00 DEBUG 
====Stripe Version: 4.3.1====
====Start Log====
Stripe PaymentIntent pi_1FxGSTG6VLS1ev4AnGpUCVv2 succeeded for order 63
====End Log====


2020-01-04T17:30:42+00:00 DEBUG 
====Stripe Version: 4.3.1====
====Start Log====
Processing response: stdClass Object
(
    [id] => ch_1FxGSWG6VLS1ev4AIr2BYTvz
    [object] => charge
    [amount] => 900
    [amount_refunded] => 0
    [application] => 
    [application_fee] => 
    [application_fee_amount] => 
    [balance_transaction] => txn_1FxGSWG6VLS1ev4ARl8aFkRa
    [billing_details] => stdClass Object
        (
            [address] => stdClass Object
                (
                    [city] => Lorem ut praesentium
                    [country] => WS
                    [line1] => 951 North Fabien Lane
                    [line2] => 
                    [postal_code] => 
                    [state] => Hic elit reiciendis
                )

            [email] => hosopocev@mailinator.net
            [name] => Kristen Ashley
            [phone] => +1 (136) 265-5078
        )

    [captured] => 1
    [created] => 1578159044
    [currency] => usd
    [customer] => cus_GQPwar75uKSJUP
    [description] => Maxistentialism - Order 63
    [destination] => 
    [dispute] => 
    [disputed] => 
    [failure_code] => 
    [failure_message] => 
    [fraud_details] => stdClass Object
        (
        )

    [invoice] => 
    [livemode] => 
    [metadata] => stdClass Object
        (
            [customer_name] => Kristen Ashley
            [customer_email] => hosopocev@mailinator.net
            [order_id] => 63
        )

    [on_behalf_of] => 
    [order] => 
    [outcome] => stdClass Object
        (
            [network_status] => approved_by_network
            [reason] => 
            [risk_level] => normal
            [risk_score] => 63
            [seller_message] => Payment complete.
            [type] => authorized
        )

    [paid] => 1
    [payment_intent] => pi_1FxGSTG6VLS1ev4AnGpUCVv2
    [payment_method] => src_1FxGSIG6VLS1ev4AJr7TKPJA
    [payment_method_details] => stdClass Object
        (
            [card] => stdClass Object
                (
                    [brand] => visa
                    [checks] => stdClass Object
                        (
                            [address_line1_check] => pass
                            [address_postal_code_check] => 
                            [cvc_check] => pass
                        )

                    [country] => US
                    [exp_month] => 12
                    [exp_year] => 2020
                    [fingerprint] => vDCWNzcoMVuDvGcv
                    [funding] => credit
                    [installments] => 
                    [last4] => 4242
                    [network] => visa
                    [three_d_secure] => 
                    [wallet] => 
                )

            [type] => card
        )

    [receipt_email] => 
    [receipt_number] => 
    [receipt_url] => https://pay.stripe.com/receipts/acct_1FtXcCG6VLS1ev4A/ch_1FxGSWG6VLS1ev4AIr2BYTvz/rcpt_GUEwZkYmk7K5pqrOcLvOSGvYVyI9fTk
    [refunded] => 
    [refunds] => stdClass Object
        (
            [object] => list
            [data] => Array
                (
                )

            [has_more] => 
            [total_count] => 0
            [url] => /v1/charges/ch_1FxGSWG6VLS1ev4AIr2BYTvz/refunds
        )

    [review] => 
    [shipping] => 
    [source] => stdClass Object
        (
            [id] => src_1FxGSIG6VLS1ev4AJr7TKPJA
            [object] => source
            [amount] => 
            [card] => stdClass Object
                (
                    [exp_month] => 12
                    [exp_year] => 2020
                    [last4] => 4242
                    [country] => US
                    [brand] => Visa
                    [address_line1_check] => pass
                    [cvc_check] => pass
                    [funding] => credit
                    [fingerprint] => vDCWNzcoMVuDvGcv
                    [three_d_secure] => optional
                    [name] => 
                    [address_zip_check] => 
                    [tokenization_method] => 
                    [dynamic_last4] => 
                )

            [client_secret] => src_client_secret_GUEwMLglcf8qfa2JTbZYHq7Y
            [created] => 1578159044
            [currency] => 
            [flow] => none
            [livemode] => 
            [metadata] => stdClass Object
                (
                )

            [owner] => stdClass Object
                (
                    [address] => stdClass Object
                        (
                            [city] => Lorem ut praesentium
                            [country] => WS
                            [line1] => 951 North Fabien Lane
                            [line2] => 
                            [postal_code] => 
                            [state] => Hic elit reiciendis
                        )

                    [email] => hosopocev@mailinator.net
                    [name] => Kristen Ashley
                    [phone] => +1 (136) 265-5078
                    [verified_address] => 
                    [verified_email] => 
                    [verified_name] => 
                    [verified_phone] => 
                )

            [statement_descriptor] => 
            [status] => consumed
            [type] => card
            [usage] => reusable
        )

    [source_transfer] => 
    [statement_descriptor] => 
    [statement_descriptor_suffix] => 
    [status] => succeeded
    [transfer_data] => 
    [transfer_group] => 
)

====End Log====


2020-01-04T17:30:42+00:00 DEBUG 
====Stripe Version: 4.3.1====
====Start Log====
balance/history/txn_1FxGSWG6VLS1ev4ARl8aFkRa
====End Log====


2020-01-04T17:41:03+00:00 DEBUG 
====Stripe Version: 4.3.1====
====Start Log====
customers/cus_GQPwar75uKSJUP/sources request: Array
(
    [limit] => 100
)

====End Log====


2020-01-04T17:41:11+00:00 DEBUG 
====Stripe Version: 4.3.1====
====Start Log====
customers/cus_GQPwar75uKSJUP/sources request: Array
(
    [limit] => 100
)

====End Log====


2020-01-04T17:42:11+00:00 DEBUG 
====Stripe Version: 4.3.1====
====Start Log====
customers/cus_GQPwar75uKSJUP request: Array
(
    [email] => technology@brightbrightgreat.com
    [description] => Name: Gail Roberts, Username: Gail
    [metadata] => Array
        (
        )

)

====End Log====


2020-01-04T17:42:12+00:00 DEBUG 
====Stripe Version: 4.3.1====
====Start Log====
Error: stdClass Object
(
    [token_id] => 
    [customer] => cus_GQPwar75uKSJUP
    [source] => 
    [source_object] => 
)

====End Log====


2020-01-04T17:52:48+00:00 DEBUG 
====Stripe Version: 4.3.1====
====Start Log====
customers/cus_GQPwar75uKSJUP/sources request: Array
(
    [limit] => 100
)

====End Log====


2020-01-04T17:52:57+00:00 DEBUG 
====Stripe Version: 4.3.1====
====Start Log====
customers/cus_GQPwar75uKSJUP/sources request: Array
(
    [limit] => 100
)

====End Log====


2020-01-04T17:59:48+00:00 DEBUG 
====Stripe Version: 4.3.1====
====Start Log====
customers/cus_GQPwar75uKSJUP/sources request: Array
(
    [limit] => 100
)

====End Log====


2020-01-04T17:59:56+00:00 DEBUG 
====Stripe Version: 4.3.1====
====Start Log====
customers/cus_GQPwar75uKSJUP/sources request: Array
(
    [limit] => 100
)

====End Log====


2020-01-04T18:03:08+00:00 DEBUG 
====Stripe Version: 4.3.1====
====Start Log====
customers/cus_GQPwar75uKSJUP request: Array
(
    [email] => technology@brightbrightgreat.com
    [description] => Name: Hadassah Cardenas, Username: Hadassah
    [metadata] => Array
        (
        )

)

====End Log====


2020-01-04T18:03:10+00:00 DEBUG 
====Stripe Version: 4.3.1====
====Start Log====
Error: stdClass Object
(
    [token_id] => 
    [customer] => cus_GQPwar75uKSJUP
    [source] => 
    [source_object] => 
)

====End Log====


2020-01-04T18:04:10+00:00 DEBUG 
====Stripe Version: 4.3.1====
====Start Log====
customers/cus_GQPwar75uKSJUP request: Array
(
    [email] => technology@brightbrightgreat.com
    [description] => Name: Hadassah Cardenas, Username: Hadassah
    [metadata] => Array
        (
        )

)

====End Log====


2020-01-04T18:04:11+00:00 DEBUG 
====Stripe Version: 4.3.1====
====Start Log====
Error: stdClass Object
(
    [token_id] => 
    [customer] => cus_GQPwar75uKSJUP
    [source] => 
    [source_object] => 
)

====End Log====


2020-01-04T18:05:27+00:00 DEBUG 
====Stripe Version: 4.3.1====
====Start Log====
customers/cus_GQPwar75uKSJUP/sources request: Array
(
    [limit] => 100
)

====End Log====


2020-01-04T18:05:35+00:00 DEBUG 
====Stripe Version: 4.3.1====
====Start Log====
customers/cus_GQPwar75uKSJUP/sources request: Array
(
    [limit] => 100
)

====End Log====


2020-01-04T18:05:58+00:00 DEBUG 
====Stripe Version: 4.3.1====
====Start Log====
customers/cus_GQPwar75uKSJUP request: Array
(
    [email] => technology@brightbrightgreat.com
    [description] => Name: Morgan Brady, Username: Morgan
    [metadata] => Array
        (
        )

)

====End Log====


2020-01-04T18:05:59+00:00 DEBUG 
====Stripe Version: 4.3.1====
====Start Log====
Error: stdClass Object
(
    [token_id] => 
    [customer] => cus_GQPwar75uKSJUP
    [source] => 
    [source_object] => 
)

====End Log====


2020-01-04T18:06:06+00:00 DEBUG 
====Stripe Version: 4.3.1====
====Start Log====
customers/cus_GQPwar75uKSJUP request: Array
(
    [email] => technology@brightbrightgreat.com
    [description] => Name: Morgan Brady, Username: Morgan
    [metadata] => Array
        (
        )

)

====End Log====


2020-01-04T18:06:07+00:00 DEBUG 
====Stripe Version: 4.3.1====
====Start Log====
Error: stdClass Object
(
    [token_id] => 
    [customer] => cus_GQPwar75uKSJUP
    [source] => 
    [source_object] => 
)

====End Log====


2020-01-04T18:07:12+00:00 DEBUG 
====Stripe Version: 4.3.1====
====Start Log====
customers/cus_GQPwar75uKSJUP request: Array
(
    [email] => technology@brightbrightgreat.com
    [description] => Name: Morgan Brady, Username: Morgan
    [metadata] => Array
        (
        )

)

====End Log====


2020-01-04T18:07:13+00:00 DEBUG 
====Stripe Version: 4.3.1====
====Start Log====
Error: stdClass Object
(
    [token_id] => 
    [customer] => cus_GQPwar75uKSJUP
    [source] => 
    [source_object] => 
)

====End Log====


2020-01-04T18:10:30+00:00 DEBUG 
====Stripe Version: 4.3.1====
====Start Log====
customers/cus_GQPwar75uKSJUP request: Array
(
    [email] => technology@brightbrightgreat.com
    [description] => Name: Morgan Brady, Username: Morgan
    [metadata] => Array
        (
        )

)

====End Log====


2020-01-04T18:10:32+00:00 DEBUG 
====Stripe Version: 4.3.1====
====Start Log====
Error: stdClass Object
(
    [token_id] => 
    [customer] => cus_GQPwar75uKSJUP
    [source] => 
    [source_object] => 
)

====End Log====


2020-01-04T18:10:41+00:00 DEBUG 
====Stripe Version: 4.3.1====
====Start Log====
customers/cus_GQPwar75uKSJUP request: Array
(
    [email] => technology@brightbrightgreat.com
    [description] => Name: Morgan Brady, Username: Morgan
    [metadata] => Array
        (
        )

)

====End Log====


2020-01-04T18:10:42+00:00 DEBUG 
====Stripe Version: 4.3.1====
====Start Log====
Error: stdClass Object
(
    [token_id] => 
    [customer] => cus_GQPwar75uKSJUP
    [source] => 
    [source_object] => 
)

====End Log====


2020-01-04T18:10:50+00:00 DEBUG 
====Stripe Version: 4.3.1====
====Start Log====
customers/cus_GQPwar75uKSJUP request: Array
(
    [email] => technology@brightbrightgreat.com
    [description] => Name: Morgan Brady, Username: Morgan
    [metadata] => Array
        (
        )

)

====End Log====


2020-01-04T18:10:51+00:00 DEBUG 
====Stripe Version: 4.3.1====
====Start Log====
Error: stdClass Object
(
    [token_id] => 
    [customer] => cus_GQPwar75uKSJUP
    [source] => 
    [source_object] => 
)

====End Log====


2020-01-04T18:11:24+00:00 DEBUG 
====Stripe Version: 4.3.1====
====Start Log====
customers/cus_GQPwar75uKSJUP request: Array
(
    [email] => technology@brightbrightgreat.com
    [description] => Name: Morgan Brady, Username: Morgan
    [metadata] => Array
        (
        )

)

====End Log====


2020-01-04T18:11:25+00:00 DEBUG 
====Stripe Version: 4.3.1====
====Start Log====
Error: stdClass Object
(
    [token_id] => 
    [customer] => cus_GQPwar75uKSJUP
    [source] => 
    [source_object] => 
)

====End Log====


2020-01-04T18:11:37+00:00 DEBUG 
====Stripe Version: 4.3.1====
====Start Log====
customers/cus_GQPwar75uKSJUP request: Array
(
    [email] => technology@brightbrightgreat.com
    [description] => Name: Morgan Brady, Username: Morgan
    [metadata] => Array
        (
        )

)

====End Log====


2020-01-04T18:11:38+00:00 DEBUG 
====Stripe Version: 4.3.1====
====Start Log====
Error: stdClass Object
(
    [token_id] => 
    [customer] => cus_GQPwar75uKSJUP
    [source] => 
    [source_object] => 
)

====End Log====


2020-01-04T18:12:21+00:00 DEBUG 
====Stripe Version: 4.3.1====
====Start Log====
customers/cus_GQPwar75uKSJUP/sources request: Array
(
    [limit] => 100
)

====End Log====


2020-01-04T18:18:36+00:00 DEBUG 
====Stripe Version: 4.3.1====
====Start Log====
customers/cus_GQPwar75uKSJUP/sources request: Array
(
    [limit] => 100
)

====End Log====


2020-01-04T18:22:41+00:00 DEBUG 
====Stripe Version: 4.3.1====
====Start Log====
customers/cus_GQPwar75uKSJUP/sources request: Array
(
    [limit] => 100
)

====End Log====


2020-01-04T18:23:06+00:00 DEBUG 
====Stripe Version: 4.3.1====
====Start Log====
customers/cus_GQPwar75uKSJUP/sources request: Array
(
    [limit] => 100
)

====End Log====


2020-01-04T18:24:29+00:00 DEBUG 
====Stripe Version: 4.3.1====
====Start Log====
customers/cus_GQPwar75uKSJUP/sources request: Array
(
    [limit] => 100
)

====End Log====


2020-01-04T18:24:37+00:00 DEBUG 
====Stripe Version: 4.3.1====
====Start Log====
customers/cus_GQPwar75uKSJUP/sources request: Array
(
    [limit] => 100
)

====End Log====


2020-01-04T18:28:28+00:00 DEBUG 
====Stripe Version: 4.3.1====
====Start Log====
customers/cus_GQPwar75uKSJUP/sources request: Array
(
    [limit] => 100
)

====End Log====


2020-01-04T18:28:37+00:00 DEBUG 
====Stripe Version: 4.3.1====
====Start Log====
customers/cus_GQPwar75uKSJUP/sources request: Array
(
    [limit] => 100
)

====End Log====


2020-01-04T18:30:55+00:00 DEBUG 
====Stripe Version: 4.3.1====
====Start Log====
customers/cus_GQPwar75uKSJUP/sources request: Array
(
    [limit] => 100
)

====End Log====


2020-01-04T18:31:11+00:00 DEBUG 
====Stripe Version: 4.3.1====
====Start Log====
customers/cus_GQPwar75uKSJUP/sources request: Array
(
    [limit] => 100
)

====End Log====


2020-01-04T18:31:51+00:00 DEBUG 
====Stripe Version: 4.3.1====
====Start Log====
customers/cus_GQPwar75uKSJUP/sources request: Array
(
    [limit] => 100
)

====End Log====


2020-01-04T18:31:59+00:00 DEBUG 
====Stripe Version: 4.3.1====
====Start Log====
customers/cus_GQPwar75uKSJUP/sources request: Array
(
    [limit] => 100
)

====End Log====


2020-01-04T18:38:23+00:00 DEBUG 
====Stripe Version: 4.3.1====
====Start Log====
customers/cus_GQPwar75uKSJUP/sources request: Array
(
    [limit] => 100
)

====End Log====


2020-01-04T18:38:32+00:00 DEBUG 
====Stripe Version: 4.3.1====
====Start Log====
customers/cus_GQPwar75uKSJUP/sources request: Array
(
    [limit] => 100
)

====End Log====


2020-01-04T18:40:49+00:00 DEBUG 
====Stripe Version: 4.3.1====
====Start Log====
customers/cus_GQPwar75uKSJUP request: Array
(
    [email] => technology@brightbrightgreat.com
    [description] => Name: Madonna Campbell, Username: Madonna
    [metadata] => Array
        (
        )

)

====End Log====


2020-01-04T18:40:50+00:00 DEBUG 
====Stripe Version: 4.3.1====
====Start Log====
Error: stdClass Object
(
    [token_id] => 
    [customer] => cus_GQPwar75uKSJUP
    [source] => 
    [source_object] => 
)

====End Log====


2020-01-04T18:46:21+00:00 DEBUG 
====Stripe Version: 4.3.1====
====Start Log====
customers/cus_GQPwar75uKSJUP/sources request: Array
(
    [limit] => 100
)

====End Log====


2020-01-04T18:46:29+00:00 DEBUG 
====Stripe Version: 4.3.1====
====Start Log====
customers/cus_GQPwar75uKSJUP/sources request: Array
(
    [limit] => 100
)

====End Log====


2020-01-04T18:47:58+00:00 DEBUG 
====Stripe Version: 4.3.1====
====Start Log====
customers/cus_GQPwar75uKSJUP request: Array
(
    [email] => technology@brightbrightgreat.com
    [description] => Name: Kyla Stafford, Username: Kyla
    [metadata] => Array
        (
        )

)

====End Log====


2020-01-04T18:47:59+00:00 DEBUG 
====Stripe Version: 4.3.1====
====Start Log====
Error: stdClass Object
(
    [token_id] => 
    [customer] => cus_GQPwar75uKSJUP
    [source] => 
    [source_object] => 
)

====End Log====


2020-01-04T18:49:07+00:00 DEBUG 
====Stripe Version: 4.3.1====
====Start Log====
customers/cus_GQPwar75uKSJUP/sources request: Array
(
    [limit] => 100
)

====End Log====


2020-01-04T18:52:57+00:00 DEBUG 
====Stripe Version: 4.3.1====
====Start Log====
customers/cus_GQPwar75uKSJUP/sources request: Array
(
    [limit] => 100
)

====End Log====


2020-01-04T18:54:09+00:00 DEBUG 
====Stripe Version: 4.3.1====
====Start Log====
customers/cus_GQPwar75uKSJUP/sources request: Array
(
    [limit] => 100
)

====End Log====


2020-01-04T18:55:36+00:00 DEBUG 
====Stripe Version: 4.3.1====
====Start Log====
customers/cus_GQPwar75uKSJUP/sources request: Array
(
    [limit] => 100
)

====End Log====


2020-01-04T18:55:53+00:00 DEBUG 
====Stripe Version: 4.3.1====
====Start Log====
customers/cus_GQPwar75uKSJUP/sources request: Array
(
    [limit] => 100
)

====End Log====


2020-01-04T18:57:11+00:00 DEBUG 
====Stripe Version: 4.3.1====
====Start Log====
customers/cus_GQPwar75uKSJUP/sources request: Array
(
    [limit] => 100
)

====End Log====


2020-01-04T19:00:22+00:00 DEBUG 
====Stripe Version: 4.3.1====
====Start Log====
customers/cus_GQPwar75uKSJUP/sources request: Array
(
    [limit] => 100
)

====End Log====


2020-01-04T19:01:19+00:00 DEBUG 
====Stripe Version: 4.3.1====
====Start Log====
customers/cus_GQPwar75uKSJUP/sources request: Array
(
    [limit] => 100
)

====End Log====


2020-01-04T19:02:47+00:00 DEBUG 
====Stripe Version: 4.3.1====
====Start Log====
customers/cus_GQPwar75uKSJUP request: Array
(
    [email] => technology@brightbrightgreat.com
    [description] => Name: Xerxes Alston, Username: Xerxes
    [metadata] => Array
        (
        )

)

====End Log====


2020-01-04T19:02:49+00:00 DEBUG 
====Stripe Version: 4.3.1====
====Start Log====
Error: stdClass Object
(
    [token_id] => 
    [customer] => cus_GQPwar75uKSJUP
    [source] => 
    [source_object] => 
)

====End Log====


2020-01-04T19:03:45+00:00 DEBUG 
====Stripe Version: 4.3.1====
====Start Log====
customers/cus_GQPwar75uKSJUP/sources request: Array
(
    [limit] => 100
)

====End Log====


2020-01-04T19:03:59+00:00 DEBUG 
====Stripe Version: 4.3.1====
====Start Log====
customers/cus_GQPwar75uKSJUP request: Array
(
    [email] => technology@brightbrightgreat.com
    [description] => Name: Xerxes Alston, Username: Xerxes
    [metadata] => Array
        (
        )

)

====End Log====


2020-01-04T19:04:00+00:00 DEBUG 
====Stripe Version: 4.3.1====
====Start Log====
sources/src_1Fv2LQG6VLS1ev4A2Z5jzegw
====End Log====


2020-01-04T19:04:02+00:00 DEBUG 
====Stripe Version: 4.3.1====
====Start Log====
Info: Begin processing payment for order 64 for the amount of 9.00
====End Log====


2020-01-04T19:04:02+00:00 DEBUG 
====Stripe Version: 4.3.1====
====Start Log====
payment_intents request: Array
(
    [source] => src_1Fv2LQG6VLS1ev4A2Z5jzegw
    [amount] => 900
    [currency] => usd
    [description] => Maxistentialism - Order 64
    [metadata] => Array
        (
            [customer_name] => Xerxes Alston
            [customer_email] => tetyzisyta@mailinator.net
            [order_id] => 64
        )

    [capture_method] => automatic
    [payment_method_types] => Array
        (
            [0] => card
        )

    [customer] => cus_GQPwar75uKSJUP
)

====End Log====


2020-01-04T19:04:03+00:00 DEBUG 
====Stripe Version: 4.3.1====
====Start Log====
Stripe PaymentIntent pi_1FxHurG6VLS1ev4A0bvMQp0J initiated for order 64
====End Log====


2020-01-04T19:04:03+00:00 DEBUG 
====Stripe Version: 4.3.1====
====Start Log====
payment_intents/pi_1FxHurG6VLS1ev4A0bvMQp0J/confirm request: Array
(
    [source] => src_1Fv2LQG6VLS1ev4A2Z5jzegw
)

====End Log====


2020-01-04T19:04:05+00:00 DEBUG 
====Stripe Version: 4.3.1====
====Start Log====
Stripe PaymentIntent pi_1FxHurG6VLS1ev4A0bvMQp0J succeeded for order 64
====End Log====


2020-01-04T19:04:05+00:00 DEBUG 
====Stripe Version: 4.3.1====
====Start Log====
Processing response: stdClass Object
(
    [id] => ch_1FxHutG6VLS1ev4AdVM5F3cF
    [object] => charge
    [amount] => 900
    [amount_refunded] => 0
    [application] => 
    [application_fee] => 
    [application_fee_amount] => 
    [balance_transaction] => txn_1FxHutG6VLS1ev4AVuQ11Q4V
    [billing_details] => stdClass Object
        (
            [address] => stdClass Object
                (
                    [city] => 
                    [country] => 
                    [line1] => 
                    [line2] => 
                    [postal_code] => 
                    [state] => 
                )

            [email] => lofutyze@mailinator.com
            [name] =>  
            [phone] => 
        )

    [captured] => 1
    [created] => 1578164647
    [currency] => usd
    [customer] => cus_GQPwar75uKSJUP
    [description] => Maxistentialism - Order 64
    [destination] => 
    [dispute] => 
    [disputed] => 
    [failure_code] => 
    [failure_message] => 
    [fraud_details] => stdClass Object
        (
        )

    [invoice] => 
    [livemode] => 
    [metadata] => stdClass Object
        (
            [customer_name] => Xerxes Alston
            [customer_email] => tetyzisyta@mailinator.net
            [order_id] => 64
        )

    [on_behalf_of] => 
    [order] => 
    [outcome] => stdClass Object
        (
            [network_status] => approved_by_network
            [reason] => 
            [risk_level] => normal
            [risk_score] => 38
            [seller_message] => Payment complete.
            [type] => authorized
        )

    [paid] => 1
    [payment_intent] => pi_1FxHurG6VLS1ev4A0bvMQp0J
    [payment_method] => src_1Fv2LQG6VLS1ev4A2Z5jzegw
    [payment_method_details] => stdClass Object
        (
            [card] => stdClass Object
                (
                    [brand] => visa
                    [checks] => stdClass Object
                        (
                            [address_line1_check] => 
                            [address_postal_code_check] => 
                            [cvc_check] => 
                        )

                    [country] => US
                    [exp_month] => 12
                    [exp_year] => 2020
                    [fingerprint] => vDCWNzcoMVuDvGcv
                    [funding] => credit
                    [installments] => 
                    [last4] => 4242
                    [network] => visa
                    [three_d_secure] => 
                    [wallet] => 
                )

            [type] => card
        )

    [receipt_email] => 
    [receipt_number] => 
    [receipt_url] => https://pay.stripe.com/receipts/acct_1FtXcCG6VLS1ev4A/ch_1FxHutG6VLS1ev4AdVM5F3cF/rcpt_GUGRnvLYEsFoa21Yw6QGrHuFjXg9hFr
    [refunded] => 
    [refunds] => stdClass Object
        (
            [object] => list
            [data] => Array
                (
                )

            [has_more] => 
            [total_count] => 0
            [url] => /v1/charges/ch_1FxHutG6VLS1ev4AdVM5F3cF/refunds
        )

    [review] => 
    [shipping] => 
    [source] => stdClass Object
        (
            [id] => src_1Fv2LQG6VLS1ev4A2Z5jzegw
            [object] => source
            [amount] => 
            [card] => stdClass Object
                (
                    [exp_month] => 12
                    [exp_year] => 2020
                    [last4] => 4242
                    [country] => US
                    [brand] => Visa
                    [funding] => credit
                    [fingerprint] => vDCWNzcoMVuDvGcv
                    [three_d_secure] => optional
                    [name] => 
                    [address_line1_check] => 
                    [address_zip_check] => 
                    [cvc_check] => 
                    [tokenization_method] => 
                    [dynamic_last4] => 
                )

            [client_secret] => src_client_secret_GRwDX9lgH9W2KquzIutLf8GK
            [created] => 1578164647
            [currency] => 
            [customer] => cus_GQPwar75uKSJUP
            [flow] => none
            [livemode] => 
            [metadata] => stdClass Object
                (
                )

            [owner] => stdClass Object
                (
                    [address] => 
                    [email] => lofutyze@mailinator.com
                    [name] =>  
                    [phone] => 
                    [verified_address] => 
                    [verified_email] => 
                    [verified_name] => 
                    [verified_phone] => 
                )

            [statement_descriptor] => 
            [status] => chargeable
            [type] => card
            [usage] => reusable
        )

    [source_transfer] => 
    [statement_descriptor] => 
    [statement_descriptor_suffix] => 
    [status] => succeeded
    [transfer_data] => 
    [transfer_group] => 
)

====End Log====


2020-01-04T19:04:05+00:00 DEBUG 
====Stripe Version: 4.3.1====
====Start Log====
balance/history/txn_1FxHutG6VLS1ev4AVuQ11Q4V
====End Log====


2020-01-04T19:07:16+00:00 DEBUG 
====Stripe Version: 4.3.1====
====Start Log====
customers/cus_GQPwar75uKSJUP/sources request: Array
(
    [limit] => 100
)

====End Log====


2020-01-04T19:08:31+00:00 DEBUG 
====Stripe Version: 4.3.1====
====Start Log====
customers/cus_GQPwar75uKSJUP request: Array
(
    [email] => technology@brightbrightgreat.com
    [description] => Name: Hammett Navarro, Username: Hammett
    [metadata] => Array
        (
        )

)

====End Log====


2020-01-04T19:08:32+00:00 DEBUG 
====Stripe Version: 4.3.1====
====Start Log====
Error: stdClass Object
(
    [token_id] => 
    [customer] => cus_GQPwar75uKSJUP
    [source] => 
    [source_object] => 
)

====End Log====


2020-01-04T19:08:48+00:00 DEBUG 
====Stripe Version: 4.3.1====
====Start Log====
customers/cus_GQPwar75uKSJUP request: Array
(
    [email] => technology@brightbrightgreat.com
    [description] => Name: Hammett Navarro, Username: Hammett
    [metadata] => Array
        (
        )

)

====End Log====


2020-01-04T19:08:49+00:00 DEBUG 
====Stripe Version: 4.3.1====
====Start Log====
Error: stdClass Object
(
    [token_id] => 
    [customer] => cus_GQPwar75uKSJUP
    [source] => 
    [source_object] => 
)

====End Log====


