2020-01-05T16:40:44+00:00 DEBUG 
====Stripe Version: 4.3.1====
====Start Log====
customers/cus_GQPwar75uKSJUP/sources request: Array
(
    [limit] => 100
)

====End Log====


2020-01-05T16:53:12+00:00 DEBUG 
====Stripe Version: 4.3.1====
====Start Log====
customers/cus_GQPwar75uKSJUP/sources request: Array
(
    [limit] => 100
)

====End Log====


2020-01-05T16:56:07+00:00 DEBUG 
====Stripe Version: 4.3.1====
====Start Log====
customers/cus_GQPwar75uKSJUP/sources request: Array
(
    [limit] => 100
)

====End Log====


2020-01-05T16:59:51+00:00 DEBUG 
====Stripe Version: 4.3.1====
====Start Log====
customers/cus_GQPwar75uKSJUP/sources request: Array
(
    [limit] => 100
)

====End Log====


2020-01-05T17:00:29+00:00 DEBUG 
====Stripe Version: 4.3.1====
====Start Log====
customers/cus_GQPwar75uKSJUP/sources request: Array
(
    [limit] => 100
)

====End Log====


2020-01-05T17:07:19+00:00 DEBUG 
====Stripe Version: 4.3.1====
====Start Log====
customers/cus_GQPwar75uKSJUP/sources request: Array
(
    [limit] => 100
)

====End Log====


2020-01-05T17:12:56+00:00 DEBUG 
====Stripe Version: 4.3.1====
====Start Log====
customers/cus_GQPwar75uKSJUP/sources request: Array
(
    [limit] => 100
)

====End Log====


2020-01-05T17:15:11+00:00 DEBUG 
====Stripe Version: 4.3.1====
====Start Log====
customers/cus_GQPwar75uKSJUP/sources request: Array
(
    [limit] => 100
)

====End Log====


2020-01-05T17:28:02+00:00 DEBUG 
====Stripe Version: 4.3.1====
====Start Log====
customers/cus_GQPwar75uKSJUP/sources request: Array
(
    [limit] => 100
)

====End Log====


2020-01-05T17:42:04+00:00 DEBUG 
====Stripe Version: 4.3.1====
====Start Log====
customers/cus_GQPwar75uKSJUP/sources request: Array
(
    [limit] => 100
)

====End Log====


2020-01-05T17:42:52+00:00 DEBUG 
====Stripe Version: 4.3.1====
====Start Log====
customers/cus_GQPwar75uKSJUP request: Array
(
    [email] => technology@brightbrightgreat.com
    [description] => Name: Abra Chaney, Username: Abra
    [metadata] => Array
        (
        )

)

====End Log====


2020-01-05T17:42:54+00:00 DEBUG 
====Stripe Version: 4.3.1====
====Start Log====
Error: stdClass Object
(
    [token_id] => 
    [customer] => cus_GQPwar75uKSJUP
    [source] => 
    [source_object] => 
)

====End Log====


2020-01-05T17:49:16+00:00 DEBUG 
====Stripe Version: 4.3.1====
====Start Log====
customers/cus_GQPwar75uKSJUP/sources request: Array
(
    [limit] => 100
)

====End Log====


2020-01-05T17:50:08+00:00 DEBUG 
====Stripe Version: 4.3.1====
====Start Log====
customers/cus_GQPwar75uKSJUP/sources request: Array
(
    [limit] => 100
)

====End Log====


2020-01-05T17:51:01+00:00 DEBUG 
====Stripe Version: 4.3.1====
====Start Log====
customers/cus_GQPwar75uKSJUP/sources request: Array
(
    [limit] => 100
)

====End Log====


2020-01-05T18:18:04+00:00 DEBUG 
====Stripe Version: 4.3.1====
====Start Log====
customers/cus_GQPwar75uKSJUP/sources request: Array
(
    [limit] => 100
)

====End Log====


2020-01-05T18:18:07+00:00 DEBUG 
====Stripe Version: 4.3.1====
====Start Log====
customers/cus_GQPwar75uKSJUP/sources request: Array
(
    [limit] => 100
)

====End Log====


2020-01-05T18:18:09+00:00 DEBUG 
====Stripe Version: 4.3.1====
====Start Log====
customers/cus_GQPwar75uKSJUP/sources request: Array
(
    [limit] => 100
)

====End Log====


2020-01-05T18:18:19+00:00 DEBUG 
====Stripe Version: 4.3.1====
====Start Log====
customers/cus_GQPwar75uKSJUP/sources request: Array
(
    [limit] => 100
)

====End Log====


2020-01-05T18:18:38+00:00 DEBUG 
====Stripe Version: 4.3.1====
====Start Log====
customers/cus_GQPwar75uKSJUP/sources request: Array
(
    [limit] => 100
)

====End Log====


2020-01-05T18:23:41+00:00 DEBUG 
====Stripe Version: 4.3.1====
====Start Log====
customers/cus_GQPwar75uKSJUP/sources request: Array
(
    [limit] => 100
)

====End Log====


2020-01-05T18:25:24+00:00 DEBUG 
====Stripe Version: 4.3.1====
====Start Log====
customers/cus_GQPwar75uKSJUP/sources request: Array
(
    [limit] => 100
)

====End Log====


2020-01-05T18:28:41+00:00 DEBUG 
====Stripe Version: 4.3.1====
====Start Log====
customers/cus_GQPwar75uKSJUP/sources request: Array
(
    [limit] => 100
)

====End Log====


2020-01-05T18:30:12+00:00 DEBUG 
====Stripe Version: 4.3.1====
====Start Log====
customers/cus_GQPwar75uKSJUP/sources request: Array
(
    [limit] => 100
)

====End Log====


2020-01-05T18:31:45+00:00 DEBUG 
====Stripe Version: 4.3.1====
====Start Log====
customers/cus_GQPwar75uKSJUP/sources request: Array
(
    [limit] => 100
)

====End Log====


2020-01-05T18:32:18+00:00 DEBUG 
====Stripe Version: 4.3.1====
====Start Log====
customers/cus_GQPwar75uKSJUP/sources request: Array
(
    [limit] => 100
)

====End Log====


2020-01-05T18:32:32+00:00 DEBUG 
====Stripe Version: 4.3.1====
====Start Log====
customers/cus_GQPwar75uKSJUP/sources request: Array
(
    [limit] => 100
)

====End Log====


2020-01-05T18:32:35+00:00 DEBUG 
====Stripe Version: 4.3.1====
====Start Log====
customers/cus_GQPwar75uKSJUP/sources request: Array
(
    [limit] => 100
)

====End Log====


2020-01-05T18:32:39+00:00 DEBUG 
====Stripe Version: 4.3.1====
====Start Log====
customers/cus_GQPwar75uKSJUP/sources request: Array
(
    [limit] => 100
)

====End Log====


2020-01-05T18:32:41+00:00 DEBUG 
====Stripe Version: 4.3.1====
====Start Log====
customers/cus_GQPwar75uKSJUP/sources request: Array
(
    [limit] => 100
)

====End Log====


2020-01-05T18:32:45+00:00 DEBUG 
====Stripe Version: 4.3.1====
====Start Log====
customers/cus_GQPwar75uKSJUP/sources request: Array
(
    [limit] => 100
)

====End Log====


2020-01-05T18:51:44+00:00 DEBUG 
====Stripe Version: 4.3.1====
====Start Log====
customers/cus_GQPwar75uKSJUP/sources request: Array
(
    [limit] => 100
)

====End Log====


2020-01-05T18:58:22+00:00 DEBUG 
====Stripe Version: 4.3.1====
====Start Log====
customers/cus_GQPwar75uKSJUP/sources request: Array
(
    [limit] => 100
)

====End Log====


2020-01-05T18:58:28+00:00 DEBUG 
====Stripe Version: 4.3.1====
====Start Log====
customers/cus_GQPwar75uKSJUP/sources request: Array
(
    [limit] => 100
)

====End Log====


2020-01-05T19:00:21+00:00 DEBUG 
====Stripe Version: 4.3.1====
====Start Log====
customers/cus_GQPwar75uKSJUP/sources request: Array
(
    [limit] => 100
)

====End Log====


2020-01-05T19:06:17+00:00 DEBUG 
====Stripe Version: 4.3.1====
====Start Log====
customers/cus_GQPwar75uKSJUP/sources request: Array
(
    [limit] => 100
)

====End Log====


2020-01-05T19:09:56+00:00 DEBUG 
====Stripe Version: 4.3.1====
====Start Log====
customers/cus_GQPwar75uKSJUP/sources request: Array
(
    [limit] => 100
)

====End Log====


2020-01-05T19:11:39+00:00 DEBUG 
====Stripe Version: 4.3.1====
====Start Log====
customers/cus_GQPwar75uKSJUP/sources request: Array
(
    [limit] => 100
)

====End Log====


2020-01-05T19:14:30+00:00 DEBUG 
====Stripe Version: 4.3.1====
====Start Log====
customers/cus_GQPwar75uKSJUP/sources request: Array
(
    [limit] => 100
)

====End Log====


2020-01-05T19:14:30+00:00 DEBUG 
====Stripe Version: 4.3.1====
====Start Log====
Error Response: WP_Error Object
(
    [errors] => Array
        (
            [http_request_failed] => Array
                (
                    [0] => cURL error 6: Could not resolve host: api.stripe.com
                )

        )

    [error_data] => Array
        (
        )

)


Failed request: Array
(
    [api] => customers/cus_GQPwar75uKSJUP/sources
    [request] => Array
        (
            [limit] => 100
        )

    [idempotency_key] => 
)

====End Log====


2020-01-05T19:15:23+00:00 DEBUG 
====Stripe Version: 4.3.1====
====Start Log====
customers/cus_GQPwar75uKSJUP/sources request: Array
(
    [limit] => 100
)

====End Log====


2020-01-05T19:15:23+00:00 DEBUG 
====Stripe Version: 4.3.1====
====Start Log====
Error Response: WP_Error Object
(
    [errors] => Array
        (
            [http_request_failed] => Array
                (
                    [0] => cURL error 6: Could not resolve host: api.stripe.com
                )

        )

    [error_data] => Array
        (
        )

)


Failed request: Array
(
    [api] => customers/cus_GQPwar75uKSJUP/sources
    [request] => Array
        (
            [limit] => 100
        )

    [idempotency_key] => 
)

====End Log====


2020-01-05T19:16:19+00:00 DEBUG 
====Stripe Version: 4.3.1====
====Start Log====
customers/cus_GQPwar75uKSJUP/sources request: Array
(
    [limit] => 100
)

====End Log====


2020-01-05T19:16:19+00:00 DEBUG 
====Stripe Version: 4.3.1====
====Start Log====
Error Response: WP_Error Object
(
    [errors] => Array
        (
            [http_request_failed] => Array
                (
                    [0] => cURL error 6: Could not resolve host: api.stripe.com
                )

        )

    [error_data] => Array
        (
        )

)


Failed request: Array
(
    [api] => customers/cus_GQPwar75uKSJUP/sources
    [request] => Array
        (
            [limit] => 100
        )

    [idempotency_key] => 
)

====End Log====


2020-01-05T19:22:38+00:00 DEBUG 
====Stripe Version: 4.3.1====
====Start Log====
customers/cus_GQPwar75uKSJUP/sources request: Array
(
    [limit] => 100
)

====End Log====


2020-01-05T19:22:38+00:00 DEBUG 
====Stripe Version: 4.3.1====
====Start Log====
Error Response: WP_Error Object
(
    [errors] => Array
        (
            [http_request_failed] => Array
                (
                    [0] => cURL error 6: Could not resolve host: api.stripe.com
                )

        )

    [error_data] => Array
        (
        )

)


Failed request: Array
(
    [api] => customers/cus_GQPwar75uKSJUP/sources
    [request] => Array
        (
            [limit] => 100
        )

    [idempotency_key] => 
)

====End Log====


2020-01-05T19:23:32+00:00 DEBUG 
====Stripe Version: 4.3.1====
====Start Log====
customers/cus_GQPwar75uKSJUP/sources request: Array
(
    [limit] => 100
)

====End Log====


2020-01-05T19:23:32+00:00 DEBUG 
====Stripe Version: 4.3.1====
====Start Log====
Error Response: WP_Error Object
(
    [errors] => Array
        (
            [http_request_failed] => Array
                (
                    [0] => cURL error 6: Could not resolve host: api.stripe.com
                )

        )

    [error_data] => Array
        (
        )

)


Failed request: Array
(
    [api] => customers/cus_GQPwar75uKSJUP/sources
    [request] => Array
        (
            [limit] => 100
        )

    [idempotency_key] => 
)

====End Log====


2020-01-05T19:26:21+00:00 DEBUG 
====Stripe Version: 4.3.1====
====Start Log====
customers/cus_GQPwar75uKSJUP/sources request: Array
(
    [limit] => 100
)

====End Log====


2020-01-05T19:26:21+00:00 DEBUG 
====Stripe Version: 4.3.1====
====Start Log====
Error Response: WP_Error Object
(
    [errors] => Array
        (
            [http_request_failed] => Array
                (
                    [0] => cURL error 6: Could not resolve host: api.stripe.com
                )

        )

    [error_data] => Array
        (
        )

)


Failed request: Array
(
    [api] => customers/cus_GQPwar75uKSJUP/sources
    [request] => Array
        (
            [limit] => 100
        )

    [idempotency_key] => 
)

====End Log====


2020-01-05T19:29:44+00:00 DEBUG 
====Stripe Version: 4.3.1====
====Start Log====
customers/cus_GQPwar75uKSJUP/sources request: Array
(
    [limit] => 100
)

====End Log====


2020-01-05T19:29:44+00:00 DEBUG 
====Stripe Version: 4.3.1====
====Start Log====
Error Response: WP_Error Object
(
    [errors] => Array
        (
            [http_request_failed] => Array
                (
                    [0] => cURL error 6: Could not resolve host: api.stripe.com
                )

        )

    [error_data] => Array
        (
        )

)


Failed request: Array
(
    [api] => customers/cus_GQPwar75uKSJUP/sources
    [request] => Array
        (
            [limit] => 100
        )

    [idempotency_key] => 
)

====End Log====


2020-01-05T19:30:39+00:00 DEBUG 
====Stripe Version: 4.3.1====
====Start Log====
customers/cus_GQPwar75uKSJUP/sources request: Array
(
    [limit] => 100
)

====End Log====


2020-01-05T19:30:39+00:00 DEBUG 
====Stripe Version: 4.3.1====
====Start Log====
Error Response: WP_Error Object
(
    [errors] => Array
        (
            [http_request_failed] => Array
                (
                    [0] => cURL error 6: Could not resolve host: api.stripe.com
                )

        )

    [error_data] => Array
        (
        )

)


Failed request: Array
(
    [api] => customers/cus_GQPwar75uKSJUP/sources
    [request] => Array
        (
            [limit] => 100
        )

    [idempotency_key] => 
)

====End Log====


2020-01-05T19:32:52+00:00 DEBUG 
====Stripe Version: 4.3.1====
====Start Log====
customers/cus_GQPwar75uKSJUP/sources request: Array
(
    [limit] => 100
)

====End Log====


2020-01-05T19:32:52+00:00 DEBUG 
====Stripe Version: 4.3.1====
====Start Log====
Error Response: WP_Error Object
(
    [errors] => Array
        (
            [http_request_failed] => Array
                (
                    [0] => cURL error 6: Could not resolve host: api.stripe.com
                )

        )

    [error_data] => Array
        (
        )

)


Failed request: Array
(
    [api] => customers/cus_GQPwar75uKSJUP/sources
    [request] => Array
        (
            [limit] => 100
        )

    [idempotency_key] => 
)

====End Log====


2020-01-05T19:34:03+00:00 DEBUG 
====Stripe Version: 4.3.1====
====Start Log====
customers/cus_GQPwar75uKSJUP/sources request: Array
(
    [limit] => 100
)

====End Log====


2020-01-05T19:34:03+00:00 DEBUG 
====Stripe Version: 4.3.1====
====Start Log====
Error Response: WP_Error Object
(
    [errors] => Array
        (
            [http_request_failed] => Array
                (
                    [0] => cURL error 6: Could not resolve host: api.stripe.com
                )

        )

    [error_data] => Array
        (
        )

)


Failed request: Array
(
    [api] => customers/cus_GQPwar75uKSJUP/sources
    [request] => Array
        (
            [limit] => 100
        )

    [idempotency_key] => 
)

====End Log====


2020-01-05T19:36:17+00:00 DEBUG 
====Stripe Version: 4.3.1====
====Start Log====
customers/cus_GQPwar75uKSJUP/sources request: Array
(
    [limit] => 100
)

====End Log====


2020-01-05T19:36:17+00:00 DEBUG 
====Stripe Version: 4.3.1====
====Start Log====
Error Response: WP_Error Object
(
    [errors] => Array
        (
            [http_request_failed] => Array
                (
                    [0] => cURL error 6: Could not resolve host: api.stripe.com
                )

        )

    [error_data] => Array
        (
        )

)


Failed request: Array
(
    [api] => customers/cus_GQPwar75uKSJUP/sources
    [request] => Array
        (
            [limit] => 100
        )

    [idempotency_key] => 
)

====End Log====


2020-01-05T19:36:46+00:00 DEBUG 
====Stripe Version: 4.3.1====
====Start Log====
customers/cus_GQPwar75uKSJUP/sources request: Array
(
    [limit] => 100
)

====End Log====


2020-01-05T19:36:46+00:00 DEBUG 
====Stripe Version: 4.3.1====
====Start Log====
Error Response: WP_Error Object
(
    [errors] => Array
        (
            [http_request_failed] => Array
                (
                    [0] => cURL error 6: Could not resolve host: api.stripe.com
                )

        )

    [error_data] => Array
        (
        )

)


Failed request: Array
(
    [api] => customers/cus_GQPwar75uKSJUP/sources
    [request] => Array
        (
            [limit] => 100
        )

    [idempotency_key] => 
)

====End Log====


2020-01-05T19:47:15+00:00 DEBUG 
====Stripe Version: 4.3.1====
====Start Log====
customers/cus_GQPwar75uKSJUP/sources request: Array
(
    [limit] => 100
)

====End Log====


2020-01-05T19:47:15+00:00 DEBUG 
====Stripe Version: 4.3.1====
====Start Log====
Error Response: WP_Error Object
(
    [errors] => Array
        (
            [http_request_failed] => Array
                (
                    [0] => cURL error 6: Could not resolve host: api.stripe.com
                )

        )

    [error_data] => Array
        (
        )

)


Failed request: Array
(
    [api] => customers/cus_GQPwar75uKSJUP/sources
    [request] => Array
        (
            [limit] => 100
        )

    [idempotency_key] => 
)

====End Log====


2020-01-05T19:47:29+00:00 DEBUG 
====Stripe Version: 4.3.1====
====Start Log====
customers/cus_GQPwar75uKSJUP/sources request: Array
(
    [limit] => 100
)

====End Log====


2020-01-05T19:47:29+00:00 DEBUG 
====Stripe Version: 4.3.1====
====Start Log====
Error Response: WP_Error Object
(
    [errors] => Array
        (
            [http_request_failed] => Array
                (
                    [0] => cURL error 6: Could not resolve host: api.stripe.com
                )

        )

    [error_data] => Array
        (
        )

)


Failed request: Array
(
    [api] => customers/cus_GQPwar75uKSJUP/sources
    [request] => Array
        (
            [limit] => 100
        )

    [idempotency_key] => 
)

====End Log====


2020-01-05T19:49:47+00:00 DEBUG 
====Stripe Version: 4.3.1====
====Start Log====
customers/cus_GQPwar75uKSJUP/sources request: Array
(
    [limit] => 100
)

====End Log====


2020-01-05T19:49:47+00:00 DEBUG 
====Stripe Version: 4.3.1====
====Start Log====
Error Response: WP_Error Object
(
    [errors] => Array
        (
            [http_request_failed] => Array
                (
                    [0] => cURL error 6: Could not resolve host: api.stripe.com
                )

        )

    [error_data] => Array
        (
        )

)


Failed request: Array
(
    [api] => customers/cus_GQPwar75uKSJUP/sources
    [request] => Array
        (
            [limit] => 100
        )

    [idempotency_key] => 
)

====End Log====


2020-01-05T19:51:20+00:00 DEBUG 
====Stripe Version: 4.3.1====
====Start Log====
customers/cus_GQPwar75uKSJUP/sources request: Array
(
    [limit] => 100
)

====End Log====


2020-01-05T19:51:20+00:00 DEBUG 
====Stripe Version: 4.3.1====
====Start Log====
Error Response: WP_Error Object
(
    [errors] => Array
        (
            [http_request_failed] => Array
                (
                    [0] => cURL error 6: Could not resolve host: api.stripe.com
                )

        )

    [error_data] => Array
        (
        )

)


Failed request: Array
(
    [api] => customers/cus_GQPwar75uKSJUP/sources
    [request] => Array
        (
            [limit] => 100
        )

    [idempotency_key] => 
)

====End Log====


2020-01-05T19:52:00+00:00 DEBUG 
====Stripe Version: 4.3.1====
====Start Log====
customers/cus_GQPwar75uKSJUP/sources request: Array
(
    [limit] => 100
)

====End Log====


2020-01-05T19:52:00+00:00 DEBUG 
====Stripe Version: 4.3.1====
====Start Log====
Error Response: WP_Error Object
(
    [errors] => Array
        (
            [http_request_failed] => Array
                (
                    [0] => cURL error 6: Could not resolve host: api.stripe.com
                )

        )

    [error_data] => Array
        (
        )

)


Failed request: Array
(
    [api] => customers/cus_GQPwar75uKSJUP/sources
    [request] => Array
        (
            [limit] => 100
        )

    [idempotency_key] => 
)

====End Log====


2020-01-05T19:53:23+00:00 DEBUG 
====Stripe Version: 4.3.1====
====Start Log====
customers/cus_GQPwar75uKSJUP/sources request: Array
(
    [limit] => 100
)

====End Log====


2020-01-05T19:53:23+00:00 DEBUG 
====Stripe Version: 4.3.1====
====Start Log====
Error Response: WP_Error Object
(
    [errors] => Array
        (
            [http_request_failed] => Array
                (
                    [0] => cURL error 6: Could not resolve host: api.stripe.com
                )

        )

    [error_data] => Array
        (
        )

)


Failed request: Array
(
    [api] => customers/cus_GQPwar75uKSJUP/sources
    [request] => Array
        (
            [limit] => 100
        )

    [idempotency_key] => 
)

====End Log====


2020-01-05T19:54:53+00:00 DEBUG 
====Stripe Version: 4.3.1====
====Start Log====
customers/cus_GQPwar75uKSJUP/sources request: Array
(
    [limit] => 100
)

====End Log====


2020-01-05T19:54:53+00:00 DEBUG 
====Stripe Version: 4.3.1====
====Start Log====
Error Response: WP_Error Object
(
    [errors] => Array
        (
            [http_request_failed] => Array
                (
                    [0] => cURL error 6: Could not resolve host: api.stripe.com
                )

        )

    [error_data] => Array
        (
        )

)


Failed request: Array
(
    [api] => customers/cus_GQPwar75uKSJUP/sources
    [request] => Array
        (
            [limit] => 100
        )

    [idempotency_key] => 
)

====End Log====


2020-01-05T19:56:42+00:00 DEBUG 
====Stripe Version: 4.3.1====
====Start Log====
customers/cus_GQPwar75uKSJUP/sources request: Array
(
    [limit] => 100
)

====End Log====


2020-01-05T19:56:42+00:00 DEBUG 
====Stripe Version: 4.3.1====
====Start Log====
Error Response: WP_Error Object
(
    [errors] => Array
        (
            [http_request_failed] => Array
                (
                    [0] => cURL error 6: Could not resolve host: api.stripe.com
                )

        )

    [error_data] => Array
        (
        )

)


Failed request: Array
(
    [api] => customers/cus_GQPwar75uKSJUP/sources
    [request] => Array
        (
            [limit] => 100
        )

    [idempotency_key] => 
)

====End Log====


2020-01-05T20:01:20+00:00 DEBUG 
====Stripe Version: 4.3.1====
====Start Log====
customers/cus_GQPwar75uKSJUP/sources request: Array
(
    [limit] => 100
)

====End Log====


2020-01-05T20:01:20+00:00 DEBUG 
====Stripe Version: 4.3.1====
====Start Log====
Error Response: WP_Error Object
(
    [errors] => Array
        (
            [http_request_failed] => Array
                (
                    [0] => cURL error 6: Could not resolve host: api.stripe.com
                )

        )

    [error_data] => Array
        (
        )

)


Failed request: Array
(
    [api] => customers/cus_GQPwar75uKSJUP/sources
    [request] => Array
        (
            [limit] => 100
        )

    [idempotency_key] => 
)

====End Log====


2020-01-05T20:01:22+00:00 DEBUG 
====Stripe Version: 4.3.1====
====Start Log====
customers/cus_GQPwar75uKSJUP/sources request: Array
(
    [limit] => 100
)

====End Log====


2020-01-05T20:01:22+00:00 DEBUG 
====Stripe Version: 4.3.1====
====Start Log====
Error Response: WP_Error Object
(
    [errors] => Array
        (
            [http_request_failed] => Array
                (
                    [0] => cURL error 6: Could not resolve host: api.stripe.com
                )

        )

    [error_data] => Array
        (
        )

)


Failed request: Array
(
    [api] => customers/cus_GQPwar75uKSJUP/sources
    [request] => Array
        (
            [limit] => 100
        )

    [idempotency_key] => 
)

====End Log====


2020-01-05T20:02:50+00:00 DEBUG 
====Stripe Version: 4.3.1====
====Start Log====
customers/cus_GQPwar75uKSJUP/sources request: Array
(
    [limit] => 100
)

====End Log====


2020-01-05T20:02:50+00:00 DEBUG 
====Stripe Version: 4.3.1====
====Start Log====
Error Response: WP_Error Object
(
    [errors] => Array
        (
            [http_request_failed] => Array
                (
                    [0] => cURL error 6: Could not resolve host: api.stripe.com
                )

        )

    [error_data] => Array
        (
        )

)


Failed request: Array
(
    [api] => customers/cus_GQPwar75uKSJUP/sources
    [request] => Array
        (
            [limit] => 100
        )

    [idempotency_key] => 
)

====End Log====


2020-01-05T20:04:43+00:00 DEBUG 
====Stripe Version: 4.3.1====
====Start Log====
customers/cus_GQPwar75uKSJUP/sources request: Array
(
    [limit] => 100
)

====End Log====


2020-01-05T20:04:43+00:00 DEBUG 
====Stripe Version: 4.3.1====
====Start Log====
Error Response: WP_Error Object
(
    [errors] => Array
        (
            [http_request_failed] => Array
                (
                    [0] => cURL error 6: Could not resolve host: api.stripe.com
                )

        )

    [error_data] => Array
        (
        )

)


Failed request: Array
(
    [api] => customers/cus_GQPwar75uKSJUP/sources
    [request] => Array
        (
            [limit] => 100
        )

    [idempotency_key] => 
)

====End Log====


2020-01-05T20:06:32+00:00 DEBUG 
====Stripe Version: 4.3.1====
====Start Log====
customers/cus_GQPwar75uKSJUP/sources request: Array
(
    [limit] => 100
)

====End Log====


2020-01-05T20:06:32+00:00 DEBUG 
====Stripe Version: 4.3.1====
====Start Log====
Error Response: WP_Error Object
(
    [errors] => Array
        (
            [http_request_failed] => Array
                (
                    [0] => cURL error 6: Could not resolve host: api.stripe.com
                )

        )

    [error_data] => Array
        (
        )

)


Failed request: Array
(
    [api] => customers/cus_GQPwar75uKSJUP/sources
    [request] => Array
        (
            [limit] => 100
        )

    [idempotency_key] => 
)

====End Log====


2020-01-05T20:10:48+00:00 DEBUG 
====Stripe Version: 4.3.1====
====Start Log====
customers/cus_GQPwar75uKSJUP/sources request: Array
(
    [limit] => 100
)

====End Log====


2020-01-05T20:10:48+00:00 DEBUG 
====Stripe Version: 4.3.1====
====Start Log====
Error Response: WP_Error Object
(
    [errors] => Array
        (
            [http_request_failed] => Array
                (
                    [0] => cURL error 6: Could not resolve host: api.stripe.com
                )

        )

    [error_data] => Array
        (
        )

)


Failed request: Array
(
    [api] => customers/cus_GQPwar75uKSJUP/sources
    [request] => Array
        (
            [limit] => 100
        )

    [idempotency_key] => 
)

====End Log====


2020-01-05T20:12:33+00:00 DEBUG 
====Stripe Version: 4.3.1====
====Start Log====
customers/cus_GQPwar75uKSJUP/sources request: Array
(
    [limit] => 100
)

====End Log====


2020-01-05T20:12:33+00:00 DEBUG 
====Stripe Version: 4.3.1====
====Start Log====
Error Response: WP_Error Object
(
    [errors] => Array
        (
            [http_request_failed] => Array
                (
                    [0] => cURL error 6: Could not resolve host: api.stripe.com
                )

        )

    [error_data] => Array
        (
        )

)


Failed request: Array
(
    [api] => customers/cus_GQPwar75uKSJUP/sources
    [request] => Array
        (
            [limit] => 100
        )

    [idempotency_key] => 
)

====End Log====


2020-01-05T20:18:26+00:00 DEBUG 
====Stripe Version: 4.3.1====
====Start Log====
customers/cus_GQPwar75uKSJUP/sources request: Array
(
    [limit] => 100
)

====End Log====


2020-01-05T20:18:26+00:00 DEBUG 
====Stripe Version: 4.3.1====
====Start Log====
Error Response: WP_Error Object
(
    [errors] => Array
        (
            [http_request_failed] => Array
                (
                    [0] => cURL error 6: Could not resolve host: api.stripe.com
                )

        )

    [error_data] => Array
        (
        )

)


Failed request: Array
(
    [api] => customers/cus_GQPwar75uKSJUP/sources
    [request] => Array
        (
            [limit] => 100
        )

    [idempotency_key] => 
)

====End Log====


2020-01-05T20:22:56+00:00 DEBUG 
====Stripe Version: 4.3.1====
====Start Log====
customers/cus_GQPwar75uKSJUP/sources request: Array
(
    [limit] => 100
)

====End Log====


2020-01-05T20:22:56+00:00 DEBUG 
====Stripe Version: 4.3.1====
====Start Log====
Error Response: WP_Error Object
(
    [errors] => Array
        (
            [http_request_failed] => Array
                (
                    [0] => cURL error 6: Could not resolve host: api.stripe.com
                )

        )

    [error_data] => Array
        (
        )

)


Failed request: Array
(
    [api] => customers/cus_GQPwar75uKSJUP/sources
    [request] => Array
        (
            [limit] => 100
        )

    [idempotency_key] => 
)

====End Log====


2020-01-05T20:25:38+00:00 DEBUG 
====Stripe Version: 4.3.1====
====Start Log====
customers/cus_GQPwar75uKSJUP/sources request: Array
(
    [limit] => 100
)

====End Log====


2020-01-05T20:25:38+00:00 DEBUG 
====Stripe Version: 4.3.1====
====Start Log====
Error Response: WP_Error Object
(
    [errors] => Array
        (
            [http_request_failed] => Array
                (
                    [0] => cURL error 6: Could not resolve host: api.stripe.com
                )

        )

    [error_data] => Array
        (
        )

)


Failed request: Array
(
    [api] => customers/cus_GQPwar75uKSJUP/sources
    [request] => Array
        (
            [limit] => 100
        )

    [idempotency_key] => 
)

====End Log====


