2019-12-28T11:29:15+00:00 DEBUG 
====Stripe Version: 4.3.1====
====Start Log====
customers/cus_GQPwar75uKSJUP/sources request: Array
(
    [limit] => 100
)

====End Log====


2019-12-28T11:29:15+00:00 DEBUG 
====Stripe Version: 4.3.1====
====Start Log====
Error Response: WP_Error Object
(
    [errors] => Array
        (
            [http_request_failed] => Array
                (
                    [0] => cURL error 6: Could not resolve host: api.stripe.com
                )

        )

    [error_data] => Array
        (
        )

)


Failed request: Array
(
    [api] => customers/cus_GQPwar75uKSJUP/sources
    [request] => Array
        (
            [limit] => 100
        )

    [idempotency_key] => 
)

====End Log====


