2019-12-29T12:34:55+00:00 DEBUG 
====Stripe Version: 4.3.1====
====Start Log====
customers/cus_GQPwar75uKSJUP/sources request: Array
(
    [limit] => 100
)

====End Log====


2019-12-29T12:34:57+00:00 DEBUG 
====Stripe Version: 4.3.1====
====Start Log====
customers/cus_GQPwar75uKSJUP/sources request: Array
(
    [limit] => 100
)

====End Log====


2019-12-29T12:35:05+00:00 DEBUG 
====Stripe Version: 4.3.1====
====Start Log====
customers/cus_GQPwar75uKSJUP/sources request: Array
(
    [limit] => 100
)

====End Log====


2019-12-29T12:35:06+00:00 DEBUG 
====Stripe Version: 4.3.1====
====Start Log====
customers/cus_GQPwar75uKSJUP/sources request: Array
(
    [limit] => 100
)

====End Log====


2019-12-29T12:43:06+00:00 DEBUG 
====Stripe Version: 4.3.1====
====Start Log====
customers/cus_GQPwar75uKSJUP/sources request: Array
(
    [limit] => 100
)

====End Log====


2019-12-29T12:43:07+00:00 DEBUG 
====Stripe Version: 4.3.1====
====Start Log====
customers/cus_GQPwar75uKSJUP/sources request: Array
(
    [limit] => 100
)

====End Log====


2019-12-29T12:43:14+00:00 DEBUG 
====Stripe Version: 4.3.1====
====Start Log====
customers/cus_GQPwar75uKSJUP/sources request: Array
(
    [limit] => 100
)

====End Log====


2019-12-29T12:43:16+00:00 DEBUG 
====Stripe Version: 4.3.1====
====Start Log====
customers/cus_GQPwar75uKSJUP/sources request: Array
(
    [limit] => 100
)

====End Log====


2019-12-29T13:44:14+00:00 DEBUG 
====Stripe Version: 4.3.1====
====Start Log====
customers/cus_GQPwar75uKSJUP/sources request: Array
(
    [limit] => 100
)

====End Log====


2019-12-29T13:44:15+00:00 DEBUG 
====Stripe Version: 4.3.1====
====Start Log====
customers/cus_GQPwar75uKSJUP/sources request: Array
(
    [limit] => 100
)

====End Log====


2019-12-29T13:44:23+00:00 DEBUG 
====Stripe Version: 4.3.1====
====Start Log====
customers/cus_GQPwar75uKSJUP/sources request: Array
(
    [limit] => 100
)

====End Log====


2019-12-29T13:44:25+00:00 DEBUG 
====Stripe Version: 4.3.1====
====Start Log====
customers/cus_GQPwar75uKSJUP/sources request: Array
(
    [limit] => 100
)

====End Log====


2019-12-29T13:44:35+00:00 DEBUG 
====Stripe Version: 4.3.1====
====Start Log====
customers/cus_GQPwar75uKSJUP/sources request: Array
(
    [limit] => 100
)

====End Log====


2019-12-29T13:44:36+00:00 DEBUG 
====Stripe Version: 4.3.1====
====Start Log====
customers/cus_GQPwar75uKSJUP/sources request: Array
(
    [limit] => 100
)

====End Log====


2019-12-29T13:44:44+00:00 DEBUG 
====Stripe Version: 4.3.1====
====Start Log====
customers/cus_GQPwar75uKSJUP/sources request: Array
(
    [limit] => 100
)

====End Log====


2019-12-29T13:44:46+00:00 DEBUG 
====Stripe Version: 4.3.1====
====Start Log====
customers/cus_GQPwar75uKSJUP/sources request: Array
(
    [limit] => 100
)

====End Log====


2019-12-29T13:47:13+00:00 DEBUG 
====Stripe Version: 4.3.1====
====Start Log====
customers/cus_GQPwar75uKSJUP/sources request: Array
(
    [limit] => 100
)

====End Log====


2019-12-29T13:47:15+00:00 DEBUG 
====Stripe Version: 4.3.1====
====Start Log====
customers/cus_GQPwar75uKSJUP/sources request: Array
(
    [limit] => 100
)

====End Log====


2019-12-29T13:47:33+00:00 DEBUG 
====Stripe Version: 4.3.1====
====Start Log====
customers/cus_GQPwar75uKSJUP/sources request: Array
(
    [limit] => 100
)

====End Log====


2019-12-29T13:47:34+00:00 DEBUG 
====Stripe Version: 4.3.1====
====Start Log====
customers/cus_GQPwar75uKSJUP/sources request: Array
(
    [limit] => 100
)

====End Log====


2019-12-29T13:55:49+00:00 DEBUG 
====Stripe Version: 4.3.1====
====Start Log====
customers/cus_GQPwar75uKSJUP/sources request: Array
(
    [limit] => 100
)

====End Log====


2019-12-29T13:55:51+00:00 DEBUG 
====Stripe Version: 4.3.1====
====Start Log====
customers/cus_GQPwar75uKSJUP/sources request: Array
(
    [limit] => 100
)

====End Log====


2019-12-29T13:56:04+00:00 DEBUG 
====Stripe Version: 4.3.1====
====Start Log====
customers/cus_GQPwar75uKSJUP/sources request: Array
(
    [limit] => 100
)

====End Log====


2019-12-29T13:56:05+00:00 DEBUG 
====Stripe Version: 4.3.1====
====Start Log====
customers/cus_GQPwar75uKSJUP/sources request: Array
(
    [limit] => 100
)

====End Log====


2019-12-29T14:01:08+00:00 DEBUG 
====Stripe Version: 4.3.1====
====Start Log====
customers/cus_GQPwar75uKSJUP/sources request: Array
(
    [limit] => 100
)

====End Log====


2019-12-29T14:01:09+00:00 DEBUG 
====Stripe Version: 4.3.1====
====Start Log====
customers/cus_GQPwar75uKSJUP/sources request: Array
(
    [limit] => 100
)

====End Log====


2019-12-29T14:01:29+00:00 DEBUG 
====Stripe Version: 4.3.1====
====Start Log====
customers/cus_GQPwar75uKSJUP/sources request: Array
(
    [limit] => 100
)

====End Log====


2019-12-29T14:01:31+00:00 DEBUG 
====Stripe Version: 4.3.1====
====Start Log====
customers/cus_GQPwar75uKSJUP/sources request: Array
(
    [limit] => 100
)

====End Log====


2019-12-29T14:02:17+00:00 DEBUG 
====Stripe Version: 4.3.1====
====Start Log====
sources/src_1Fv2LQG6VLS1ev4A2Z5jzegw
====End Log====


2019-12-29T14:02:19+00:00 DEBUG 
====Stripe Version: 4.3.1====
====Start Log====
customers/cus_GQPwar75uKSJUP/sources request: Array
(
    [source] => src_1Fv2LQG6VLS1ev4A2Z5jzegw
)

====End Log====


2019-12-29T14:02:21+00:00 DEBUG 
====Stripe Version: 4.3.1====
====Start Log====
customers/cus_GQPwar75uKSJUP request: Array
(
    [default_source] => src_1Fv2LQG6VLS1ev4A2Z5jzegw
)

====End Log====


2019-12-29T14:02:22+00:00 DEBUG 
====Stripe Version: 4.3.1====
====Start Log====
customers/cus_GQPwar75uKSJUP request: Array
(
    [email] => technology@brightbrightgreat.com
    [description] => Name: Walter Wilkinson, Username: Walter
    [metadata] => Array
        (
        )

)

====End Log====


2019-12-29T14:02:24+00:00 DEBUG 
====Stripe Version: 4.3.1====
====Start Log====
Info: Begin processing payment for order 60 for the amount of 9.00
====End Log====


2019-12-29T14:02:24+00:00 DEBUG 
====Stripe Version: 4.3.1====
====Start Log====
payment_intents request: Array
(
    [source] => src_1Fv2LQG6VLS1ev4A2Z5jzegw
    [amount] => 900
    [currency] => usd
    [description] => Maxistentialism - Order 60
    [metadata] => Array
        (
            [customer_name] => Walter Wilkinson
            [customer_email] => xotif@mailinator.com
            [order_id] => 60
        )

    [capture_method] => automatic
    [payment_method_types] => Array
        (
            [0] => card
        )

    [customer] => cus_GQPwar75uKSJUP
)

====End Log====


2019-12-29T14:02:26+00:00 DEBUG 
====Stripe Version: 4.3.1====
====Start Log====
Stripe PaymentIntent pi_1Fv2LfG6VLS1ev4AWjGYP6O2 initiated for order 60
====End Log====


2019-12-29T14:02:26+00:00 DEBUG 
====Stripe Version: 4.3.1====
====Start Log====
payment_intents/pi_1Fv2LfG6VLS1ev4AWjGYP6O2/confirm request: Array
(
    [source] => src_1Fv2LQG6VLS1ev4A2Z5jzegw
)

====End Log====


2019-12-29T14:02:28+00:00 DEBUG 
====Stripe Version: 4.3.1====
====Start Log====
Stripe PaymentIntent pi_1Fv2LfG6VLS1ev4AWjGYP6O2 succeeded for order 60
====End Log====


2019-12-29T14:02:28+00:00 DEBUG 
====Stripe Version: 4.3.1====
====Start Log====
Processing response: stdClass Object
(
    [id] => ch_1Fv2LhG6VLS1ev4A5kjmzP8E
    [object] => charge
    [amount] => 900
    [amount_refunded] => 0
    [application] => 
    [application_fee] => 
    [application_fee_amount] => 
    [balance_transaction] => txn_1Fv2LiG6VLS1ev4AKdIQbTve
    [billing_details] => stdClass Object
        (
            [address] => stdClass Object
                (
                    [city] => 
                    [country] => 
                    [line1] => 
                    [line2] => 
                    [postal_code] => 
                    [state] => 
                )

            [email] => lofutyze@mailinator.com
            [name] =>  
            [phone] => 
        )

    [captured] => 1
    [created] => 1577628149
    [currency] => usd
    [customer] => cus_GQPwar75uKSJUP
    [description] => Maxistentialism - Order 60
    [destination] => 
    [dispute] => 
    [disputed] => 
    [failure_code] => 
    [failure_message] => 
    [fraud_details] => stdClass Object
        (
        )

    [invoice] => 
    [livemode] => 
    [metadata] => stdClass Object
        (
            [customer_name] => Walter Wilkinson
            [customer_email] => xotif@mailinator.com
            [order_id] => 60
        )

    [on_behalf_of] => 
    [order] => 
    [outcome] => stdClass Object
        (
            [network_status] => approved_by_network
            [reason] => 
            [risk_level] => normal
            [risk_score] => 17
            [seller_message] => Payment complete.
            [type] => authorized
        )

    [paid] => 1
    [payment_intent] => pi_1Fv2LfG6VLS1ev4AWjGYP6O2
    [payment_method] => src_1Fv2LQG6VLS1ev4A2Z5jzegw
    [payment_method_details] => stdClass Object
        (
            [card] => stdClass Object
                (
                    [brand] => visa
                    [checks] => stdClass Object
                        (
                            [address_line1_check] => 
                            [address_postal_code_check] => 
                            [cvc_check] => pass
                        )

                    [country] => US
                    [exp_month] => 12
                    [exp_year] => 2020
                    [fingerprint] => vDCWNzcoMVuDvGcv
                    [funding] => credit
                    [installments] => 
                    [last4] => 4242
                    [network] => visa
                    [three_d_secure] => 
                    [wallet] => 
                )

            [type] => card
        )

    [receipt_email] => 
    [receipt_number] => 
    [receipt_url] => https://pay.stripe.com/receipts/acct_1FtXcCG6VLS1ev4A/ch_1Fv2LhG6VLS1ev4A5kjmzP8E/rcpt_GRwEgLhHfaDiWconho3a7DyxZmAe5pN
    [refunded] => 
    [refunds] => stdClass Object
        (
            [object] => list
            [data] => Array
                (
                )

            [has_more] => 
            [total_count] => 0
            [url] => /v1/charges/ch_1Fv2LhG6VLS1ev4A5kjmzP8E/refunds
        )

    [review] => 
    [shipping] => 
    [source] => stdClass Object
        (
            [id] => src_1Fv2LQG6VLS1ev4A2Z5jzegw
            [object] => source
            [amount] => 
            [card] => stdClass Object
                (
                    [exp_month] => 12
                    [exp_year] => 2020
                    [last4] => 4242
                    [country] => US
                    [brand] => Visa
                    [cvc_check] => pass
                    [funding] => credit
                    [fingerprint] => vDCWNzcoMVuDvGcv
                    [three_d_secure] => optional
                    [name] => 
                    [address_line1_check] => 
                    [address_zip_check] => 
                    [tokenization_method] => 
                    [dynamic_last4] => 
                )

            [client_secret] => src_client_secret_GRwDX9lgH9W2KquzIutLf8GK
            [created] => 1577628150
            [currency] => 
            [customer] => cus_GQPwar75uKSJUP
            [flow] => none
            [livemode] => 
            [metadata] => stdClass Object
                (
                )

            [owner] => stdClass Object
                (
                    [address] => 
                    [email] => lofutyze@mailinator.com
                    [name] =>  
                    [phone] => 
                    [verified_address] => 
                    [verified_email] => 
                    [verified_name] => 
                    [verified_phone] => 
                )

            [statement_descriptor] => 
            [status] => chargeable
            [type] => card
            [usage] => reusable
        )

    [source_transfer] => 
    [statement_descriptor] => 
    [statement_descriptor_suffix] => 
    [status] => succeeded
    [transfer_data] => 
    [transfer_group] => 
)

====End Log====


2019-12-29T14:02:28+00:00 DEBUG 
====Stripe Version: 4.3.1====
====Start Log====
balance/history/txn_1Fv2LiG6VLS1ev4AKdIQbTve
====End Log====


2019-12-29T18:02:16+00:00 DEBUG 
====Stripe Version: 4.3.1====
====Start Log====
customers/cus_GQPwar75uKSJUP/sources request: Array
(
    [limit] => 100
)

====End Log====


2019-12-29T18:02:36+00:00 DEBUG 
====Stripe Version: 4.3.1====
====Start Log====
customers/cus_GQPwar75uKSJUP/sources request: Array
(
    [limit] => 100
)

====End Log====


2019-12-29T18:03:39+00:00 DEBUG 
====Stripe Version: 4.3.1====
====Start Log====
customers/cus_GQPwar75uKSJUP/sources request: Array
(
    [limit] => 100
)

====End Log====


2019-12-29T18:04:15+00:00 DEBUG 
====Stripe Version: 4.3.1====
====Start Log====
customers/cus_GQPwar75uKSJUP/sources request: Array
(
    [limit] => 100
)

====End Log====


2019-12-29T18:28:02+00:00 DEBUG 
====Stripe Version: 4.3.1====
====Start Log====
customers/cus_GQPwar75uKSJUP/sources request: Array
(
    [limit] => 100
)

====End Log====


2019-12-29T18:28:24+00:00 DEBUG 
====Stripe Version: 4.3.1====
====Start Log====
customers/cus_GQPwar75uKSJUP/sources request: Array
(
    [limit] => 100
)

====End Log====


2019-12-29T18:33:53+00:00 DEBUG 
====Stripe Version: 4.3.1====
====Start Log====
customers/cus_GQPwar75uKSJUP/sources request: Array
(
    [limit] => 100
)

====End Log====


2019-12-29T18:34:12+00:00 DEBUG 
====Stripe Version: 4.3.1====
====Start Log====
customers/cus_GQPwar75uKSJUP/sources request: Array
(
    [limit] => 100
)

====End Log====


2019-12-29T18:35:17+00:00 DEBUG 
====Stripe Version: 4.3.1====
====Start Log====
customers/cus_GQPwar75uKSJUP/sources request: Array
(
    [limit] => 100
)

====End Log====


2019-12-29T18:36:15+00:00 DEBUG 
====Stripe Version: 4.3.1====
====Start Log====
customers/cus_GQPwar75uKSJUP/sources request: Array
(
    [limit] => 100
)

====End Log====


2019-12-29T18:43:39+00:00 DEBUG 
====Stripe Version: 4.3.1====
====Start Log====
customers/cus_GQPwar75uKSJUP/sources request: Array
(
    [limit] => 100
)

====End Log====


2019-12-29T18:43:53+00:00 DEBUG 
====Stripe Version: 4.3.1====
====Start Log====
customers/cus_GQPwar75uKSJUP/sources request: Array
(
    [limit] => 100
)

====End Log====


2019-12-29T18:46:52+00:00 DEBUG 
====Stripe Version: 4.3.1====
====Start Log====
customers/cus_GQPwar75uKSJUP/sources request: Array
(
    [limit] => 100
)

====End Log====


2019-12-29T18:47:05+00:00 DEBUG 
====Stripe Version: 4.3.1====
====Start Log====
customers/cus_GQPwar75uKSJUP/sources request: Array
(
    [limit] => 100
)

====End Log====


2019-12-29T19:12:01+00:00 DEBUG 
====Stripe Version: 4.3.1====
====Start Log====
customers/cus_GQPwar75uKSJUP/sources request: Array
(
    [limit] => 100
)

====End Log====


2019-12-29T19:12:29+00:00 DEBUG 
====Stripe Version: 4.3.1====
====Start Log====
customers/cus_GQPwar75uKSJUP/sources request: Array
(
    [limit] => 100
)

====End Log====


