2020-01-07T14:37:26+00:00 DEBUG 
====Stripe Version: 4.3.1====
====Start Log====
customers/cus_GQPwar75uKSJUP/sources request: Array
(
    [limit] => 100
)

====End Log====


2020-01-07T14:37:26+00:00 DEBUG 
====Stripe Version: 4.3.1====
====Start Log====
Error Response: WP_Error Object
(
    [errors] => Array
        (
            [http_request_failed] => Array
                (
                    [0] => cURL error 6: Could not resolve host: api.stripe.com
                )

        )

    [error_data] => Array
        (
        )

)


Failed request: Array
(
    [api] => customers/cus_GQPwar75uKSJUP/sources
    [request] => Array
        (
            [limit] => 100
        )

    [idempotency_key] => 
)

====End Log====


2020-01-07T14:37:35+00:00 DEBUG 
====Stripe Version: 4.3.1====
====Start Log====
customers/cus_GQPwar75uKSJUP/sources request: Array
(
    [limit] => 100
)

====End Log====


2020-01-07T14:37:35+00:00 DEBUG 
====Stripe Version: 4.3.1====
====Start Log====
Error Response: WP_Error Object
(
    [errors] => Array
        (
            [http_request_failed] => Array
                (
                    [0] => cURL error 6: Could not resolve host: api.stripe.com
                )

        )

    [error_data] => Array
        (
        )

)


Failed request: Array
(
    [api] => customers/cus_GQPwar75uKSJUP/sources
    [request] => Array
        (
            [limit] => 100
        )

    [idempotency_key] => 
)

====End Log====


2020-01-07T14:40:38+00:00 DEBUG 
====Stripe Version: 4.3.1====
====Start Log====
customers/cus_GQPwar75uKSJUP/sources request: Array
(
    [limit] => 100
)

====End Log====


2020-01-07T14:41:20+00:00 DEBUG 
====Stripe Version: 4.3.1====
====Start Log====
customers/cus_GQPwar75uKSJUP request: Array
(
    [email] => technology@brightbrightgreat.com
    [description] => Name: Melyssa Franks, Username: Melyssa
    [metadata] => Array
        (
        )

)

====End Log====


2020-01-07T14:41:21+00:00 DEBUG 
====Stripe Version: 4.3.1====
====Start Log====
sources/src_1Fv2LQG6VLS1ev4A2Z5jzegw
====End Log====


2020-01-07T14:41:22+00:00 DEBUG 
====Stripe Version: 4.3.1====
====Start Log====
Info: Begin processing payment for order 70 for the amount of 9.00
====End Log====


2020-01-07T14:41:22+00:00 DEBUG 
====Stripe Version: 4.3.1====
====Start Log====
payment_intents request: Array
(
    [source] => src_1Fv2LQG6VLS1ev4A2Z5jzegw
    [amount] => 900
    [currency] => usd
    [description] => Maxistentialism - Order 70
    [metadata] => Array
        (
            [customer_name] => Melyssa Franks
            [customer_email] => bisucoluxu@mailinator.net
            [order_id] => 70
        )

    [capture_method] => automatic
    [payment_method_types] => Array
        (
            [0] => card
        )

    [customer] => cus_GQPwar75uKSJUP
)

====End Log====


2020-01-07T14:41:23+00:00 DEBUG 
====Stripe Version: 4.3.1====
====Start Log====
Stripe PaymentIntent pi_1FyJFJG6VLS1ev4AYBBOVdak initiated for order 70
====End Log====


2020-01-07T14:41:23+00:00 DEBUG 
====Stripe Version: 4.3.1====
====Start Log====
payment_intents/pi_1FyJFJG6VLS1ev4AYBBOVdak/confirm request: Array
(
    [source] => src_1Fv2LQG6VLS1ev4A2Z5jzegw
)

====End Log====


2020-01-07T14:41:25+00:00 DEBUG 
====Stripe Version: 4.3.1====
====Start Log====
Stripe PaymentIntent pi_1FyJFJG6VLS1ev4AYBBOVdak succeeded for order 70
====End Log====


2020-01-07T14:41:25+00:00 DEBUG 
====Stripe Version: 4.3.1====
====Start Log====
Processing response: stdClass Object
(
    [id] => ch_1FyJFKG6VLS1ev4Ahx2mGh2p
    [object] => charge
    [amount] => 900
    [amount_refunded] => 0
    [application] => 
    [application_fee] => 
    [application_fee_amount] => 
    [balance_transaction] => txn_1FyJFKG6VLS1ev4ADyTNIBJj
    [billing_details] => stdClass Object
        (
            [address] => stdClass Object
                (
                    [city] => 
                    [country] => 
                    [line1] => 
                    [line2] => 
                    [postal_code] => 
                    [state] => 
                )

            [email] => lofutyze@mailinator.com
            [name] =>  
            [phone] => 
        )

    [captured] => 1
    [created] => 1578408086
    [currency] => usd
    [customer] => cus_GQPwar75uKSJUP
    [description] => Maxistentialism - Order 70
    [destination] => 
    [dispute] => 
    [disputed] => 
    [failure_code] => 
    [failure_message] => 
    [fraud_details] => stdClass Object
        (
        )

    [invoice] => 
    [livemode] => 
    [metadata] => stdClass Object
        (
            [customer_name] => Melyssa Franks
            [customer_email] => bisucoluxu@mailinator.net
            [order_id] => 70
        )

    [on_behalf_of] => 
    [order] => 
    [outcome] => stdClass Object
        (
            [network_status] => approved_by_network
            [reason] => 
            [risk_level] => normal
            [risk_score] => 8
            [seller_message] => Payment complete.
            [type] => authorized
        )

    [paid] => 1
    [payment_intent] => pi_1FyJFJG6VLS1ev4AYBBOVdak
    [payment_method] => src_1Fv2LQG6VLS1ev4A2Z5jzegw
    [payment_method_details] => stdClass Object
        (
            [card] => stdClass Object
                (
                    [brand] => visa
                    [checks] => stdClass Object
                        (
                            [address_line1_check] => 
                            [address_postal_code_check] => 
                            [cvc_check] => 
                        )

                    [country] => US
                    [exp_month] => 12
                    [exp_year] => 2020
                    [fingerprint] => vDCWNzcoMVuDvGcv
                    [funding] => credit
                    [installments] => 
                    [last4] => 4242
                    [network] => visa
                    [three_d_secure] => 
                    [wallet] => 
                )

            [type] => card
        )

    [receipt_email] => 
    [receipt_number] => 
    [receipt_url] => https://pay.stripe.com/receipts/acct_1FtXcCG6VLS1ev4A/ch_1FyJFKG6VLS1ev4Ahx2mGh2p/rcpt_GVJtccpggwQRqUKZqp5EdA0wh4jIbBJ
    [refunded] => 
    [refunds] => stdClass Object
        (
            [object] => list
            [data] => Array
                (
                )

            [has_more] => 
            [total_count] => 0
            [url] => /v1/charges/ch_1FyJFKG6VLS1ev4Ahx2mGh2p/refunds
        )

    [review] => 
    [shipping] => 
    [source] => stdClass Object
        (
            [id] => src_1Fv2LQG6VLS1ev4A2Z5jzegw
            [object] => source
            [amount] => 
            [card] => stdClass Object
                (
                    [exp_month] => 12
                    [exp_year] => 2020
                    [last4] => 4242
                    [country] => US
                    [brand] => Visa
                    [funding] => credit
                    [fingerprint] => vDCWNzcoMVuDvGcv
                    [three_d_secure] => optional
                    [name] => 
                    [address_line1_check] => 
                    [address_zip_check] => 
                    [cvc_check] => 
                    [tokenization_method] => 
                    [dynamic_last4] => 
                )

            [client_secret] => src_client_secret_GRwDX9lgH9W2KquzIutLf8GK
            [created] => 1578408086
            [currency] => 
            [customer] => cus_GQPwar75uKSJUP
            [flow] => none
            [livemode] => 
            [metadata] => stdClass Object
                (
                )

            [owner] => stdClass Object
                (
                    [address] => 
                    [email] => lofutyze@mailinator.com
                    [name] =>  
                    [phone] => 
                    [verified_address] => 
                    [verified_email] => 
                    [verified_name] => 
                    [verified_phone] => 
                )

            [statement_descriptor] => 
            [status] => chargeable
            [type] => card
            [usage] => reusable
        )

    [source_transfer] => 
    [statement_descriptor] => 
    [statement_descriptor_suffix] => 
    [status] => succeeded
    [transfer_data] => 
    [transfer_group] => 
)

====End Log====


2020-01-07T14:41:25+00:00 DEBUG 
====Stripe Version: 4.3.1====
====Start Log====
balance/history/txn_1FyJFKG6VLS1ev4ADyTNIBJj
====End Log====


2020-01-07T14:55:46+00:00 DEBUG 
====Stripe Version: 4.3.1====
====Start Log====
customers/cus_GQPwar75uKSJUP/sources request: Array
(
    [limit] => 100
)

====End Log====


2020-01-07T14:56:35+00:00 DEBUG 
====Stripe Version: 4.3.1====
====Start Log====
customers/cus_GQPwar75uKSJUP request: Array
(
    [email] => technology@brightbrightgreat.com
    [description] => Name: Camilla Tyler, Username: Camilla
    [metadata] => Array
        (
        )

)

====End Log====


2020-01-07T14:56:36+00:00 DEBUG 
====Stripe Version: 4.3.1====
====Start Log====
sources/src_1Fv2LQG6VLS1ev4A2Z5jzegw
====End Log====


2020-01-07T14:56:37+00:00 DEBUG 
====Stripe Version: 4.3.1====
====Start Log====
Info: Begin processing payment for order 71 for the amount of 9.00
====End Log====


2020-01-07T14:56:37+00:00 DEBUG 
====Stripe Version: 4.3.1====
====Start Log====
payment_intents request: Array
(
    [source] => src_1Fv2LQG6VLS1ev4A2Z5jzegw
    [amount] => 900
    [currency] => usd
    [description] => Maxistentialism - Order 71
    [metadata] => Array
        (
            [customer_name] => Camilla Tyler
            [customer_email] => zoxizip@mailinator.com
            [order_id] => 71
        )

    [capture_method] => automatic
    [payment_method_types] => Array
        (
            [0] => card
        )

    [customer] => cus_GQPwar75uKSJUP
)

====End Log====


2020-01-07T14:56:38+00:00 DEBUG 
====Stripe Version: 4.3.1====
====Start Log====
Stripe PaymentIntent pi_1FyJU3G6VLS1ev4AOxMKRcFD initiated for order 71
====End Log====


2020-01-07T14:56:38+00:00 DEBUG 
====Stripe Version: 4.3.1====
====Start Log====
payment_intents/pi_1FyJU3G6VLS1ev4AOxMKRcFD/confirm request: Array
(
    [source] => src_1Fv2LQG6VLS1ev4A2Z5jzegw
)

====End Log====


2020-01-07T14:56:39+00:00 DEBUG 
====Stripe Version: 4.3.1====
====Start Log====
Stripe PaymentIntent pi_1FyJU3G6VLS1ev4AOxMKRcFD succeeded for order 71
====End Log====


2020-01-07T14:56:39+00:00 DEBUG 
====Stripe Version: 4.3.1====
====Start Log====
Processing response: stdClass Object
(
    [id] => ch_1FyJU5G6VLS1ev4AHvcqfF9E
    [object] => charge
    [amount] => 900
    [amount_refunded] => 0
    [application] => 
    [application_fee] => 
    [application_fee_amount] => 
    [balance_transaction] => txn_1FyJU5G6VLS1ev4AAjGF2QB7
    [billing_details] => stdClass Object
        (
            [address] => stdClass Object
                (
                    [city] => 
                    [country] => 
                    [line1] => 
                    [line2] => 
                    [postal_code] => 
                    [state] => 
                )

            [email] => lofutyze@mailinator.com
            [name] =>  
            [phone] => 
        )

    [captured] => 1
    [created] => 1578409001
    [currency] => usd
    [customer] => cus_GQPwar75uKSJUP
    [description] => Maxistentialism - Order 71
    [destination] => 
    [dispute] => 
    [disputed] => 
    [failure_code] => 
    [failure_message] => 
    [fraud_details] => stdClass Object
        (
        )

    [invoice] => 
    [livemode] => 
    [metadata] => stdClass Object
        (
            [customer_name] => Camilla Tyler
            [customer_email] => zoxizip@mailinator.com
            [order_id] => 71
        )

    [on_behalf_of] => 
    [order] => 
    [outcome] => stdClass Object
        (
            [network_status] => approved_by_network
            [reason] => 
            [risk_level] => normal
            [risk_score] => 37
            [seller_message] => Payment complete.
            [type] => authorized
        )

    [paid] => 1
    [payment_intent] => pi_1FyJU3G6VLS1ev4AOxMKRcFD
    [payment_method] => src_1Fv2LQG6VLS1ev4A2Z5jzegw
    [payment_method_details] => stdClass Object
        (
            [card] => stdClass Object
                (
                    [brand] => visa
                    [checks] => stdClass Object
                        (
                            [address_line1_check] => 
                            [address_postal_code_check] => 
                            [cvc_check] => 
                        )

                    [country] => US
                    [exp_month] => 12
                    [exp_year] => 2020
                    [fingerprint] => vDCWNzcoMVuDvGcv
                    [funding] => credit
                    [installments] => 
                    [last4] => 4242
                    [network] => visa
                    [three_d_secure] => 
                    [wallet] => 
                )

            [type] => card
        )

    [receipt_email] => 
    [receipt_number] => 
    [receipt_url] => https://pay.stripe.com/receipts/acct_1FtXcCG6VLS1ev4A/ch_1FyJU5G6VLS1ev4AHvcqfF9E/rcpt_GVK8ra5UGCHtVMv7AfSDzO7emoXmcV7
    [refunded] => 
    [refunds] => stdClass Object
        (
            [object] => list
            [data] => Array
                (
                )

            [has_more] => 
            [total_count] => 0
            [url] => /v1/charges/ch_1FyJU5G6VLS1ev4AHvcqfF9E/refunds
        )

    [review] => 
    [shipping] => 
    [source] => stdClass Object
        (
            [id] => src_1Fv2LQG6VLS1ev4A2Z5jzegw
            [object] => source
            [amount] => 
            [card] => stdClass Object
                (
                    [exp_month] => 12
                    [exp_year] => 2020
                    [last4] => 4242
                    [country] => US
                    [brand] => Visa
                    [funding] => credit
                    [fingerprint] => vDCWNzcoMVuDvGcv
                    [three_d_secure] => optional
                    [name] => 
                    [address_line1_check] => 
                    [address_zip_check] => 
                    [cvc_check] => 
                    [tokenization_method] => 
                    [dynamic_last4] => 
                )

            [client_secret] => src_client_secret_GRwDX9lgH9W2KquzIutLf8GK
            [created] => 1578409001
            [currency] => 
            [customer] => cus_GQPwar75uKSJUP
            [flow] => none
            [livemode] => 
            [metadata] => stdClass Object
                (
                )

            [owner] => stdClass Object
                (
                    [address] => 
                    [email] => lofutyze@mailinator.com
                    [name] =>  
                    [phone] => 
                    [verified_address] => 
                    [verified_email] => 
                    [verified_name] => 
                    [verified_phone] => 
                )

            [statement_descriptor] => 
            [status] => chargeable
            [type] => card
            [usage] => reusable
        )

    [source_transfer] => 
    [statement_descriptor] => 
    [statement_descriptor_suffix] => 
    [status] => succeeded
    [transfer_data] => 
    [transfer_group] => 
)

====End Log====


2020-01-07T14:56:39+00:00 DEBUG 
====Stripe Version: 4.3.1====
====Start Log====
balance/history/txn_1FyJU5G6VLS1ev4AAjGF2QB7
====End Log====


2020-01-07T14:57:09+00:00 DEBUG 
====Stripe Version: 4.3.1====
====Start Log====
customers/cus_GQPwar75uKSJUP/sources request: Array
(
    [limit] => 100
)

====End Log====


2020-01-07T15:03:38+00:00 DEBUG 
====Stripe Version: 4.3.1====
====Start Log====
customers/cus_GQPwar75uKSJUP/sources request: Array
(
    [limit] => 100
)

====End Log====


2020-01-07T15:04:11+00:00 DEBUG 
====Stripe Version: 4.3.1====
====Start Log====
customers/cus_GQPwar75uKSJUP request: Array
(
    [email] => technology@brightbrightgreat.com
    [description] => Name: Jordan Mccray, Username: Jordan
    [metadata] => Array
        (
        )

)

====End Log====


2020-01-07T15:04:12+00:00 DEBUG 
====Stripe Version: 4.3.1====
====Start Log====
sources/src_1Fv2LQG6VLS1ev4A2Z5jzegw
====End Log====


2020-01-07T15:04:13+00:00 DEBUG 
====Stripe Version: 4.3.1====
====Start Log====
Info: Begin processing payment for order 72 for the amount of 9.00
====End Log====


2020-01-07T15:04:13+00:00 DEBUG 
====Stripe Version: 4.3.1====
====Start Log====
payment_intents request: Array
(
    [source] => src_1Fv2LQG6VLS1ev4A2Z5jzegw
    [amount] => 900
    [currency] => usd
    [description] => Maxistentialism - Order 72
    [metadata] => Array
        (
            [customer_name] => Jordan Mccray
            [customer_email] => purobu@mailinator.com
            [order_id] => 72
        )

    [capture_method] => automatic
    [payment_method_types] => Array
        (
            [0] => card
        )

    [customer] => cus_GQPwar75uKSJUP
)

====End Log====


2020-01-07T15:04:14+00:00 DEBUG 
====Stripe Version: 4.3.1====
====Start Log====
Stripe PaymentIntent pi_1FyJbQG6VLS1ev4ADyOM0Pam initiated for order 72
====End Log====


2020-01-07T15:04:14+00:00 DEBUG 
====Stripe Version: 4.3.1====
====Start Log====
payment_intents/pi_1FyJbQG6VLS1ev4ADyOM0Pam/confirm request: Array
(
    [source] => src_1Fv2LQG6VLS1ev4A2Z5jzegw
)

====End Log====


2020-01-07T15:04:16+00:00 DEBUG 
====Stripe Version: 4.3.1====
====Start Log====
Stripe PaymentIntent pi_1FyJbQG6VLS1ev4ADyOM0Pam succeeded for order 72
====End Log====


2020-01-07T15:04:16+00:00 DEBUG 
====Stripe Version: 4.3.1====
====Start Log====
Processing response: stdClass Object
(
    [id] => ch_1FyJbRG6VLS1ev4ANOHQTrj7
    [object] => charge
    [amount] => 900
    [amount_refunded] => 0
    [application] => 
    [application_fee] => 
    [application_fee_amount] => 
    [balance_transaction] => txn_1FyJbSG6VLS1ev4AMQsm3kiB
    [billing_details] => stdClass Object
        (
            [address] => stdClass Object
                (
                    [city] => 
                    [country] => 
                    [line1] => 
                    [line2] => 
                    [postal_code] => 
                    [state] => 
                )

            [email] => lofutyze@mailinator.com
            [name] =>  
            [phone] => 
        )

    [captured] => 1
    [created] => 1578409457
    [currency] => usd
    [customer] => cus_GQPwar75uKSJUP
    [description] => Maxistentialism - Order 72
    [destination] => 
    [dispute] => 
    [disputed] => 
    [failure_code] => 
    [failure_message] => 
    [fraud_details] => stdClass Object
        (
        )

    [invoice] => 
    [livemode] => 
    [metadata] => stdClass Object
        (
            [customer_name] => Jordan Mccray
            [customer_email] => purobu@mailinator.com
            [order_id] => 72
        )

    [on_behalf_of] => 
    [order] => 
    [outcome] => stdClass Object
        (
            [network_status] => approved_by_network
            [reason] => 
            [risk_level] => normal
            [risk_score] => 60
            [seller_message] => Payment complete.
            [type] => authorized
        )

    [paid] => 1
    [payment_intent] => pi_1FyJbQG6VLS1ev4ADyOM0Pam
    [payment_method] => src_1Fv2LQG6VLS1ev4A2Z5jzegw
    [payment_method_details] => stdClass Object
        (
            [card] => stdClass Object
                (
                    [brand] => visa
                    [checks] => stdClass Object
                        (
                            [address_line1_check] => 
                            [address_postal_code_check] => 
                            [cvc_check] => 
                        )

                    [country] => US
                    [exp_month] => 12
                    [exp_year] => 2020
                    [fingerprint] => vDCWNzcoMVuDvGcv
                    [funding] => credit
                    [installments] => 
                    [last4] => 4242
                    [network] => visa
                    [three_d_secure] => 
                    [wallet] => 
                )

            [type] => card
        )

    [receipt_email] => 
    [receipt_number] => 
    [receipt_url] => https://pay.stripe.com/receipts/acct_1FtXcCG6VLS1ev4A/ch_1FyJbRG6VLS1ev4ANOHQTrj7/rcpt_GVKFVlqYtfYRKryN0wdipLuSDswxirq
    [refunded] => 
    [refunds] => stdClass Object
        (
            [object] => list
            [data] => Array
                (
                )

            [has_more] => 
            [total_count] => 0
            [url] => /v1/charges/ch_1FyJbRG6VLS1ev4ANOHQTrj7/refunds
        )

    [review] => 
    [shipping] => 
    [source] => stdClass Object
        (
            [id] => src_1Fv2LQG6VLS1ev4A2Z5jzegw
            [object] => source
            [amount] => 
            [card] => stdClass Object
                (
                    [exp_month] => 12
                    [exp_year] => 2020
                    [last4] => 4242
                    [country] => US
                    [brand] => Visa
                    [funding] => credit
                    [fingerprint] => vDCWNzcoMVuDvGcv
                    [three_d_secure] => optional
                    [name] => 
                    [address_line1_check] => 
                    [address_zip_check] => 
                    [cvc_check] => 
                    [tokenization_method] => 
                    [dynamic_last4] => 
                )

            [client_secret] => src_client_secret_GRwDX9lgH9W2KquzIutLf8GK
            [created] => 1578409457
            [currency] => 
            [customer] => cus_GQPwar75uKSJUP
            [flow] => none
            [livemode] => 
            [metadata] => stdClass Object
                (
                )

            [owner] => stdClass Object
                (
                    [address] => 
                    [email] => lofutyze@mailinator.com
                    [name] =>  
                    [phone] => 
                    [verified_address] => 
                    [verified_email] => 
                    [verified_name] => 
                    [verified_phone] => 
                )

            [statement_descriptor] => 
            [status] => chargeable
            [type] => card
            [usage] => reusable
        )

    [source_transfer] => 
    [statement_descriptor] => 
    [statement_descriptor_suffix] => 
    [status] => succeeded
    [transfer_data] => 
    [transfer_group] => 
)

====End Log====


2020-01-07T15:04:16+00:00 DEBUG 
====Stripe Version: 4.3.1====
====Start Log====
balance/history/txn_1FyJbSG6VLS1ev4AMQsm3kiB
====End Log====


2020-01-07T15:34:33+00:00 DEBUG 
====Stripe Version: 4.3.1====
====Start Log====
customers/cus_GQPwar75uKSJUP/sources request: Array
(
    [limit] => 100
)

====End Log====


2020-01-07T15:35:00+00:00 DEBUG 
====Stripe Version: 4.3.1====
====Start Log====
customers/cus_GQPwar75uKSJUP request: Array
(
    [email] => technology@brightbrightgreat.com
    [description] => Name: Gisela Jefferson, Username: Gisela
    [metadata] => Array
        (
        )

)

====End Log====


2020-01-07T15:35:01+00:00 DEBUG 
====Stripe Version: 4.3.1====
====Start Log====
sources/src_1Fv2LQG6VLS1ev4A2Z5jzegw
====End Log====


2020-01-07T15:35:02+00:00 DEBUG 
====Stripe Version: 4.3.1====
====Start Log====
Info: Begin processing payment for order 73 for the amount of 9.00
====End Log====


2020-01-07T15:35:02+00:00 DEBUG 
====Stripe Version: 4.3.1====
====Start Log====
payment_intents request: Array
(
    [source] => src_1Fv2LQG6VLS1ev4A2Z5jzegw
    [amount] => 900
    [currency] => usd
    [description] => Maxistentialism - Order 73
    [metadata] => Array
        (
            [customer_name] => Gisela Jefferson
            [customer_email] => jyzupaju@mailinator.com
            [order_id] => 73
        )

    [capture_method] => automatic
    [payment_method_types] => Array
        (
            [0] => card
        )

    [customer] => cus_GQPwar75uKSJUP
)

====End Log====


2020-01-07T15:35:03+00:00 DEBUG 
====Stripe Version: 4.3.1====
====Start Log====
Stripe PaymentIntent pi_1FyK5FG6VLS1ev4ABDl5mKAE initiated for order 73
====End Log====


2020-01-07T15:35:03+00:00 DEBUG 
====Stripe Version: 4.3.1====
====Start Log====
payment_intents/pi_1FyK5FG6VLS1ev4ABDl5mKAE/confirm request: Array
(
    [source] => src_1Fv2LQG6VLS1ev4A2Z5jzegw
)

====End Log====


2020-01-07T15:35:05+00:00 DEBUG 
====Stripe Version: 4.3.1====
====Start Log====
Stripe PaymentIntent pi_1FyK5FG6VLS1ev4ABDl5mKAE succeeded for order 73
====End Log====


2020-01-07T15:35:05+00:00 DEBUG 
====Stripe Version: 4.3.1====
====Start Log====
Processing response: stdClass Object
(
    [id] => ch_1FyK5GG6VLS1ev4ASdM1Y6Xh
    [object] => charge
    [amount] => 900
    [amount_refunded] => 0
    [application] => 
    [application_fee] => 
    [application_fee_amount] => 
    [balance_transaction] => txn_1FyK5GG6VLS1ev4AtXTzK6GI
    [billing_details] => stdClass Object
        (
            [address] => stdClass Object
                (
                    [city] => 
                    [country] => 
                    [line1] => 
                    [line2] => 
                    [postal_code] => 
                    [state] => 
                )

            [email] => lofutyze@mailinator.com
            [name] =>  
            [phone] => 
        )

    [captured] => 1
    [created] => 1578411306
    [currency] => usd
    [customer] => cus_GQPwar75uKSJUP
    [description] => Maxistentialism - Order 73
    [destination] => 
    [dispute] => 
    [disputed] => 
    [failure_code] => 
    [failure_message] => 
    [fraud_details] => stdClass Object
        (
        )

    [invoice] => 
    [livemode] => 
    [metadata] => stdClass Object
        (
            [customer_name] => Gisela Jefferson
            [customer_email] => jyzupaju@mailinator.com
            [order_id] => 73
        )

    [on_behalf_of] => 
    [order] => 
    [outcome] => stdClass Object
        (
            [network_status] => approved_by_network
            [reason] => 
            [risk_level] => normal
            [risk_score] => 27
            [seller_message] => Payment complete.
            [type] => authorized
        )

    [paid] => 1
    [payment_intent] => pi_1FyK5FG6VLS1ev4ABDl5mKAE
    [payment_method] => src_1Fv2LQG6VLS1ev4A2Z5jzegw
    [payment_method_details] => stdClass Object
        (
            [card] => stdClass Object
                (
                    [brand] => visa
                    [checks] => stdClass Object
                        (
                            [address_line1_check] => 
                            [address_postal_code_check] => 
                            [cvc_check] => 
                        )

                    [country] => US
                    [exp_month] => 12
                    [exp_year] => 2020
                    [fingerprint] => vDCWNzcoMVuDvGcv
                    [funding] => credit
                    [installments] => 
                    [last4] => 4242
                    [network] => visa
                    [three_d_secure] => 
                    [wallet] => 
                )

            [type] => card
        )

    [receipt_email] => 
    [receipt_number] => 
    [receipt_url] => https://pay.stripe.com/receipts/acct_1FtXcCG6VLS1ev4A/ch_1FyK5GG6VLS1ev4ASdM1Y6Xh/rcpt_GVKkZg9wgefXByEi0kzqIhepMxLnBml
    [refunded] => 
    [refunds] => stdClass Object
        (
            [object] => list
            [data] => Array
                (
                )

            [has_more] => 
            [total_count] => 0
            [url] => /v1/charges/ch_1FyK5GG6VLS1ev4ASdM1Y6Xh/refunds
        )

    [review] => 
    [shipping] => 
    [source] => stdClass Object
        (
            [id] => src_1Fv2LQG6VLS1ev4A2Z5jzegw
            [object] => source
            [amount] => 
            [card] => stdClass Object
                (
                    [exp_month] => 12
                    [exp_year] => 2020
                    [last4] => 4242
                    [country] => US
                    [brand] => Visa
                    [funding] => credit
                    [fingerprint] => vDCWNzcoMVuDvGcv
                    [three_d_secure] => optional
                    [name] => 
                    [address_line1_check] => 
                    [address_zip_check] => 
                    [cvc_check] => 
                    [tokenization_method] => 
                    [dynamic_last4] => 
                )

            [client_secret] => src_client_secret_GRwDX9lgH9W2KquzIutLf8GK
            [created] => 1578411306
            [currency] => 
            [customer] => cus_GQPwar75uKSJUP
            [flow] => none
            [livemode] => 
            [metadata] => stdClass Object
                (
                )

            [owner] => stdClass Object
                (
                    [address] => 
                    [email] => lofutyze@mailinator.com
                    [name] =>  
                    [phone] => 
                    [verified_address] => 
                    [verified_email] => 
                    [verified_name] => 
                    [verified_phone] => 
                )

            [statement_descriptor] => 
            [status] => chargeable
            [type] => card
            [usage] => reusable
        )

    [source_transfer] => 
    [statement_descriptor] => 
    [statement_descriptor_suffix] => 
    [status] => succeeded
    [transfer_data] => 
    [transfer_group] => 
)

====End Log====


2020-01-07T15:35:05+00:00 DEBUG 
====Stripe Version: 4.3.1====
====Start Log====
balance/history/txn_1FyK5GG6VLS1ev4AtXTzK6GI
====End Log====


2020-01-07T15:42:01+00:00 DEBUG 
====Stripe Version: 4.3.1====
====Start Log====
customers/cus_GQPwar75uKSJUP/sources request: Array
(
    [limit] => 100
)

====End Log====


2020-01-07T15:49:38+00:00 DEBUG 
====Stripe Version: 4.3.1====
====Start Log====
customers/cus_GQPwar75uKSJUP request: Array
(
    [email] => technology@brightbrightgreat.com
    [description] => Name: Joshua Mckenzie, Username: Joshua
    [metadata] => Array
        (
        )

)

====End Log====


2020-01-07T15:49:39+00:00 DEBUG 
====Stripe Version: 4.3.1====
====Start Log====
sources/src_1Fv2LQG6VLS1ev4A2Z5jzegw
====End Log====


2020-01-07T15:49:40+00:00 DEBUG 
====Stripe Version: 4.3.1====
====Start Log====
Info: Begin processing payment for order 74 for the amount of 9.00
====End Log====


2020-01-07T15:49:40+00:00 DEBUG 
====Stripe Version: 4.3.1====
====Start Log====
payment_intents request: Array
(
    [source] => src_1Fv2LQG6VLS1ev4A2Z5jzegw
    [amount] => 900
    [currency] => usd
    [description] => Maxistentialism - Order 74
    [metadata] => Array
        (
            [customer_name] => Joshua Mckenzie
            [customer_email] => dubem@mailinator.com
            [order_id] => 74
        )

    [capture_method] => automatic
    [payment_method_types] => Array
        (
            [0] => card
        )

    [customer] => cus_GQPwar75uKSJUP
)

====End Log====


2020-01-07T15:49:41+00:00 DEBUG 
====Stripe Version: 4.3.1====
====Start Log====
Stripe PaymentIntent pi_1FyKJPG6VLS1ev4Aa1Z2RI2X initiated for order 74
====End Log====


2020-01-07T15:49:41+00:00 DEBUG 
====Stripe Version: 4.3.1====
====Start Log====
payment_intents/pi_1FyKJPG6VLS1ev4Aa1Z2RI2X/confirm request: Array
(
    [source] => src_1Fv2LQG6VLS1ev4A2Z5jzegw
)

====End Log====


2020-01-07T15:49:43+00:00 DEBUG 
====Stripe Version: 4.3.1====
====Start Log====
Stripe PaymentIntent pi_1FyKJPG6VLS1ev4Aa1Z2RI2X succeeded for order 74
====End Log====


2020-01-07T15:49:43+00:00 DEBUG 
====Stripe Version: 4.3.1====
====Start Log====
Processing response: stdClass Object
(
    [id] => ch_1FyKJQG6VLS1ev4AQpArf0u5
    [object] => charge
    [amount] => 900
    [amount_refunded] => 0
    [application] => 
    [application_fee] => 
    [application_fee_amount] => 
    [balance_transaction] => txn_1FyKJRG6VLS1ev4AjZY2J0Tf
    [billing_details] => stdClass Object
        (
            [address] => stdClass Object
                (
                    [city] => 
                    [country] => 
                    [line1] => 
                    [line2] => 
                    [postal_code] => 
                    [state] => 
                )

            [email] => lofutyze@mailinator.com
            [name] =>  
            [phone] => 
        )

    [captured] => 1
    [created] => 1578412184
    [currency] => usd
    [customer] => cus_GQPwar75uKSJUP
    [description] => Maxistentialism - Order 74
    [destination] => 
    [dispute] => 
    [disputed] => 
    [failure_code] => 
    [failure_message] => 
    [fraud_details] => stdClass Object
        (
        )

    [invoice] => 
    [livemode] => 
    [metadata] => stdClass Object
        (
            [customer_name] => Joshua Mckenzie
            [customer_email] => dubem@mailinator.com
            [order_id] => 74
        )

    [on_behalf_of] => 
    [order] => 
    [outcome] => stdClass Object
        (
            [network_status] => approved_by_network
            [reason] => 
            [risk_level] => normal
            [risk_score] => 10
            [seller_message] => Payment complete.
            [type] => authorized
        )

    [paid] => 1
    [payment_intent] => pi_1FyKJPG6VLS1ev4Aa1Z2RI2X
    [payment_method] => src_1Fv2LQG6VLS1ev4A2Z5jzegw
    [payment_method_details] => stdClass Object
        (
            [card] => stdClass Object
                (
                    [brand] => visa
                    [checks] => stdClass Object
                        (
                            [address_line1_check] => 
                            [address_postal_code_check] => 
                            [cvc_check] => 
                        )

                    [country] => US
                    [exp_month] => 12
                    [exp_year] => 2020
                    [fingerprint] => vDCWNzcoMVuDvGcv
                    [funding] => credit
                    [installments] => 
                    [last4] => 4242
                    [network] => visa
                    [three_d_secure] => 
                    [wallet] => 
                )

            [type] => card
        )

    [receipt_email] => 
    [receipt_number] => 
    [receipt_url] => https://pay.stripe.com/receipts/acct_1FtXcCG6VLS1ev4A/ch_1FyKJQG6VLS1ev4AQpArf0u5/rcpt_GVKzIN2qUUnMDX6ap9SernUJQ7GRh2Y
    [refunded] => 
    [refunds] => stdClass Object
        (
            [object] => list
            [data] => Array
                (
                )

            [has_more] => 
            [total_count] => 0
            [url] => /v1/charges/ch_1FyKJQG6VLS1ev4AQpArf0u5/refunds
        )

    [review] => 
    [shipping] => 
    [source] => stdClass Object
        (
            [id] => src_1Fv2LQG6VLS1ev4A2Z5jzegw
            [object] => source
            [amount] => 
            [card] => stdClass Object
                (
                    [exp_month] => 12
                    [exp_year] => 2020
                    [last4] => 4242
                    [country] => US
                    [brand] => Visa
                    [funding] => credit
                    [fingerprint] => vDCWNzcoMVuDvGcv
                    [three_d_secure] => optional
                    [name] => 
                    [address_line1_check] => 
                    [address_zip_check] => 
                    [cvc_check] => 
                    [tokenization_method] => 
                    [dynamic_last4] => 
                )

            [client_secret] => src_client_secret_GRwDX9lgH9W2KquzIutLf8GK
            [created] => 1578412185
            [currency] => 
            [customer] => cus_GQPwar75uKSJUP
            [flow] => none
            [livemode] => 
            [metadata] => stdClass Object
                (
                )

            [owner] => stdClass Object
                (
                    [address] => 
                    [email] => lofutyze@mailinator.com
                    [name] =>  
                    [phone] => 
                    [verified_address] => 
                    [verified_email] => 
                    [verified_name] => 
                    [verified_phone] => 
                )

            [statement_descriptor] => 
            [status] => chargeable
            [type] => card
            [usage] => reusable
        )

    [source_transfer] => 
    [statement_descriptor] => 
    [statement_descriptor_suffix] => 
    [status] => succeeded
    [transfer_data] => 
    [transfer_group] => 
)

====End Log====


2020-01-07T15:49:43+00:00 DEBUG 
====Stripe Version: 4.3.1====
====Start Log====
balance/history/txn_1FyKJRG6VLS1ev4AjZY2J0Tf
====End Log====


2020-01-07T15:51:52+00:00 DEBUG 
====Stripe Version: 4.3.1====
====Start Log====
customers/cus_GQPwar75uKSJUP/sources request: Array
(
    [limit] => 100
)

====End Log====


2020-01-07T15:52:12+00:00 DEBUG 
====Stripe Version: 4.3.1====
====Start Log====
customers/cus_GQPwar75uKSJUP/sources request: Array
(
    [limit] => 100
)

====End Log====


2020-01-07T15:52:41+00:00 DEBUG 
====Stripe Version: 4.3.1====
====Start Log====
customers/cus_GQPwar75uKSJUP request: Array
(
    [email] => technology@brightbrightgreat.com
    [description] => Name: Travis Galloway, Username: Travis
    [metadata] => Array
        (
        )

)

====End Log====


2020-01-07T15:52:42+00:00 DEBUG 
====Stripe Version: 4.3.1====
====Start Log====
sources/src_1Fv2LQG6VLS1ev4A2Z5jzegw
====End Log====


2020-01-07T15:52:42+00:00 DEBUG 
====Stripe Version: 4.3.1====
====Start Log====
Info: Begin processing payment for order 75 for the amount of 18.00
====End Log====


2020-01-07T15:52:42+00:00 DEBUG 
====Stripe Version: 4.3.1====
====Start Log====
payment_intents request: Array
(
    [source] => src_1Fv2LQG6VLS1ev4A2Z5jzegw
    [amount] => 1800
    [currency] => usd
    [description] => Maxistentialism - Order 75
    [metadata] => Array
        (
            [customer_name] => Travis Galloway
            [customer_email] => cagivuvuwi@mailinator.net
            [order_id] => 75
        )

    [capture_method] => automatic
    [payment_method_types] => Array
        (
            [0] => card
        )

    [customer] => cus_GQPwar75uKSJUP
)

====End Log====


2020-01-07T15:52:43+00:00 DEBUG 
====Stripe Version: 4.3.1====
====Start Log====
Stripe PaymentIntent pi_1FyKMLG6VLS1ev4AUIJIi9gU initiated for order 75
====End Log====


2020-01-07T15:52:43+00:00 DEBUG 
====Stripe Version: 4.3.1====
====Start Log====
payment_intents/pi_1FyKMLG6VLS1ev4AUIJIi9gU/confirm request: Array
(
    [source] => src_1Fv2LQG6VLS1ev4A2Z5jzegw
)

====End Log====


2020-01-07T15:52:45+00:00 DEBUG 
====Stripe Version: 4.3.1====
====Start Log====
Stripe PaymentIntent pi_1FyKMLG6VLS1ev4AUIJIi9gU succeeded for order 75
====End Log====


2020-01-07T15:52:45+00:00 DEBUG 
====Stripe Version: 4.3.1====
====Start Log====
Processing response: stdClass Object
(
    [id] => ch_1FyKMMG6VLS1ev4AKlzagiUJ
    [object] => charge
    [amount] => 1800
    [amount_refunded] => 0
    [application] => 
    [application_fee] => 
    [application_fee_amount] => 
    [balance_transaction] => txn_1FyKMNG6VLS1ev4APr7e044c
    [billing_details] => stdClass Object
        (
            [address] => stdClass Object
                (
                    [city] => 
                    [country] => 
                    [line1] => 
                    [line2] => 
                    [postal_code] => 
                    [state] => 
                )

            [email] => lofutyze@mailinator.com
            [name] =>  
            [phone] => 
        )

    [captured] => 1
    [created] => 1578412366
    [currency] => usd
    [customer] => cus_GQPwar75uKSJUP
    [description] => Maxistentialism - Order 75
    [destination] => 
    [dispute] => 
    [disputed] => 
    [failure_code] => 
    [failure_message] => 
    [fraud_details] => stdClass Object
        (
        )

    [invoice] => 
    [livemode] => 
    [metadata] => stdClass Object
        (
            [customer_name] => Travis Galloway
            [customer_email] => cagivuvuwi@mailinator.net
            [order_id] => 75
        )

    [on_behalf_of] => 
    [order] => 
    [outcome] => stdClass Object
        (
            [network_status] => approved_by_network
            [reason] => 
            [risk_level] => normal
            [risk_score] => 24
            [seller_message] => Payment complete.
            [type] => authorized
        )

    [paid] => 1
    [payment_intent] => pi_1FyKMLG6VLS1ev4AUIJIi9gU
    [payment_method] => src_1Fv2LQG6VLS1ev4A2Z5jzegw
    [payment_method_details] => stdClass Object
        (
            [card] => stdClass Object
                (
                    [brand] => visa
                    [checks] => stdClass Object
                        (
                            [address_line1_check] => 
                            [address_postal_code_check] => 
                            [cvc_check] => 
                        )

                    [country] => US
                    [exp_month] => 12
                    [exp_year] => 2020
                    [fingerprint] => vDCWNzcoMVuDvGcv
                    [funding] => credit
                    [installments] => 
                    [last4] => 4242
                    [network] => visa
                    [three_d_secure] => 
                    [wallet] => 
                )

            [type] => card
        )

    [receipt_email] => 
    [receipt_number] => 
    [receipt_url] => https://pay.stripe.com/receipts/acct_1FtXcCG6VLS1ev4A/ch_1FyKMMG6VLS1ev4AKlzagiUJ/rcpt_GVL2Xo6GAOasMi9ymC4xUguV9CRueqv
    [refunded] => 
    [refunds] => stdClass Object
        (
            [object] => list
            [data] => Array
                (
                )

            [has_more] => 
            [total_count] => 0
            [url] => /v1/charges/ch_1FyKMMG6VLS1ev4AKlzagiUJ/refunds
        )

    [review] => 
    [shipping] => 
    [source] => stdClass Object
        (
            [id] => src_1Fv2LQG6VLS1ev4A2Z5jzegw
            [object] => source
            [amount] => 
            [card] => stdClass Object
                (
                    [exp_month] => 12
                    [exp_year] => 2020
                    [last4] => 4242
                    [country] => US
                    [brand] => Visa
                    [funding] => credit
                    [fingerprint] => vDCWNzcoMVuDvGcv
                    [three_d_secure] => optional
                    [name] => 
                    [address_line1_check] => 
                    [address_zip_check] => 
                    [cvc_check] => 
                    [tokenization_method] => 
                    [dynamic_last4] => 
                )

            [client_secret] => src_client_secret_GRwDX9lgH9W2KquzIutLf8GK
            [created] => 1578412367
            [currency] => 
            [customer] => cus_GQPwar75uKSJUP
            [flow] => none
            [livemode] => 
            [metadata] => stdClass Object
                (
                )

            [owner] => stdClass Object
                (
                    [address] => 
                    [email] => lofutyze@mailinator.com
                    [name] =>  
                    [phone] => 
                    [verified_address] => 
                    [verified_email] => 
                    [verified_name] => 
                    [verified_phone] => 
                )

            [statement_descriptor] => 
            [status] => chargeable
            [type] => card
            [usage] => reusable
        )

    [source_transfer] => 
    [statement_descriptor] => 
    [statement_descriptor_suffix] => 
    [status] => succeeded
    [transfer_data] => 
    [transfer_group] => 
)

====End Log====


2020-01-07T15:52:45+00:00 DEBUG 
====Stripe Version: 4.3.1====
====Start Log====
balance/history/txn_1FyKMNG6VLS1ev4APr7e044c
====End Log====


2020-01-07T15:54:17+00:00 DEBUG 
====Stripe Version: 4.3.1====
====Start Log====
customers/cus_GQPwar75uKSJUP/sources request: Array
(
    [limit] => 100
)

====End Log====


2020-01-07T15:54:44+00:00 DEBUG 
====Stripe Version: 4.3.1====
====Start Log====
customers/cus_GQPwar75uKSJUP request: Array
(
    [email] => technology@brightbrightgreat.com
    [description] => Name: Boris Waters, Username: Boris
    [metadata] => Array
        (
        )

)

====End Log====


2020-01-07T15:54:45+00:00 DEBUG 
====Stripe Version: 4.3.1====
====Start Log====
sources/src_1Fv2LQG6VLS1ev4A2Z5jzegw
====End Log====


2020-01-07T15:54:46+00:00 DEBUG 
====Stripe Version: 4.3.1====
====Start Log====
Info: Begin processing payment for order 76 for the amount of 9.00
====End Log====


2020-01-07T15:54:46+00:00 DEBUG 
====Stripe Version: 4.3.1====
====Start Log====
payment_intents request: Array
(
    [source] => src_1Fv2LQG6VLS1ev4A2Z5jzegw
    [amount] => 900
    [currency] => usd
    [description] => Maxistentialism - Order 76
    [metadata] => Array
        (
            [customer_name] => Boris Waters
            [customer_email] => tuxidydaxo@mailinator.com
            [order_id] => 76
        )

    [capture_method] => automatic
    [payment_method_types] => Array
        (
            [0] => card
        )

    [customer] => cus_GQPwar75uKSJUP
)

====End Log====


2020-01-07T15:54:47+00:00 DEBUG 
====Stripe Version: 4.3.1====
====Start Log====
Stripe PaymentIntent pi_1FyKOLG6VLS1ev4AXmK3Gfv3 initiated for order 76
====End Log====


2020-01-07T15:54:47+00:00 DEBUG 
====Stripe Version: 4.3.1====
====Start Log====
payment_intents/pi_1FyKOLG6VLS1ev4AXmK3Gfv3/confirm request: Array
(
    [source] => src_1Fv2LQG6VLS1ev4A2Z5jzegw
)

====End Log====


2020-01-07T15:54:49+00:00 DEBUG 
====Stripe Version: 4.3.1====
====Start Log====
Stripe PaymentIntent pi_1FyKOLG6VLS1ev4AXmK3Gfv3 succeeded for order 76
====End Log====


2020-01-07T15:54:49+00:00 DEBUG 
====Stripe Version: 4.3.1====
====Start Log====
Processing response: stdClass Object
(
    [id] => ch_1FyKOMG6VLS1ev4AHN1kVZBB
    [object] => charge
    [amount] => 900
    [amount_refunded] => 0
    [application] => 
    [application_fee] => 
    [application_fee_amount] => 
    [balance_transaction] => txn_1FyKONG6VLS1ev4A9dLmBSOH
    [billing_details] => stdClass Object
        (
            [address] => stdClass Object
                (
                    [city] => 
                    [country] => 
                    [line1] => 
                    [line2] => 
                    [postal_code] => 
                    [state] => 
                )

            [email] => lofutyze@mailinator.com
            [name] =>  
            [phone] => 
        )

    [captured] => 1
    [created] => 1578412490
    [currency] => usd
    [customer] => cus_GQPwar75uKSJUP
    [description] => Maxistentialism - Order 76
    [destination] => 
    [dispute] => 
    [disputed] => 
    [failure_code] => 
    [failure_message] => 
    [fraud_details] => stdClass Object
        (
        )

    [invoice] => 
    [livemode] => 
    [metadata] => stdClass Object
        (
            [customer_name] => Boris Waters
            [customer_email] => tuxidydaxo@mailinator.com
            [order_id] => 76
        )

    [on_behalf_of] => 
    [order] => 
    [outcome] => stdClass Object
        (
            [network_status] => approved_by_network
            [reason] => 
            [risk_level] => normal
            [risk_score] => 16
            [seller_message] => Payment complete.
            [type] => authorized
        )

    [paid] => 1
    [payment_intent] => pi_1FyKOLG6VLS1ev4AXmK3Gfv3
    [payment_method] => src_1Fv2LQG6VLS1ev4A2Z5jzegw
    [payment_method_details] => stdClass Object
        (
            [card] => stdClass Object
                (
                    [brand] => visa
                    [checks] => stdClass Object
                        (
                            [address_line1_check] => 
                            [address_postal_code_check] => 
                            [cvc_check] => 
                        )

                    [country] => US
                    [exp_month] => 12
                    [exp_year] => 2020
                    [fingerprint] => vDCWNzcoMVuDvGcv
                    [funding] => credit
                    [installments] => 
                    [last4] => 4242
                    [network] => visa
                    [three_d_secure] => 
                    [wallet] => 
                )

            [type] => card
        )

    [receipt_email] => 
    [receipt_number] => 
    [receipt_url] => https://pay.stripe.com/receipts/acct_1FtXcCG6VLS1ev4A/ch_1FyKOMG6VLS1ev4AHN1kVZBB/rcpt_GVL4tmdYgclAQbGKFhHvWnIMmwlWRLX
    [refunded] => 
    [refunds] => stdClass Object
        (
            [object] => list
            [data] => Array
                (
                )

            [has_more] => 
            [total_count] => 0
            [url] => /v1/charges/ch_1FyKOMG6VLS1ev4AHN1kVZBB/refunds
        )

    [review] => 
    [shipping] => 
    [source] => stdClass Object
        (
            [id] => src_1Fv2LQG6VLS1ev4A2Z5jzegw
            [object] => source
            [amount] => 
            [card] => stdClass Object
                (
                    [exp_month] => 12
                    [exp_year] => 2020
                    [last4] => 4242
                    [country] => US
                    [brand] => Visa
                    [funding] => credit
                    [fingerprint] => vDCWNzcoMVuDvGcv
                    [three_d_secure] => optional
                    [name] => 
                    [address_line1_check] => 
                    [address_zip_check] => 
                    [cvc_check] => 
                    [tokenization_method] => 
                    [dynamic_last4] => 
                )

            [client_secret] => src_client_secret_GRwDX9lgH9W2KquzIutLf8GK
            [created] => 1578412491
            [currency] => 
            [customer] => cus_GQPwar75uKSJUP
            [flow] => none
            [livemode] => 
            [metadata] => stdClass Object
                (
                )

            [owner] => stdClass Object
                (
                    [address] => 
                    [email] => lofutyze@mailinator.com
                    [name] =>  
                    [phone] => 
                    [verified_address] => 
                    [verified_email] => 
                    [verified_name] => 
                    [verified_phone] => 
                )

            [statement_descriptor] => 
            [status] => chargeable
            [type] => card
            [usage] => reusable
        )

    [source_transfer] => 
    [statement_descriptor] => 
    [statement_descriptor_suffix] => 
    [status] => succeeded
    [transfer_data] => 
    [transfer_group] => 
)

====End Log====


2020-01-07T15:54:49+00:00 DEBUG 
====Stripe Version: 4.3.1====
====Start Log====
balance/history/txn_1FyKONG6VLS1ev4A9dLmBSOH
====End Log====


