[25-Jan-2020 08:00:17 UTC] PHP Warning:  An unexpected error occurred. Something may be wrong with WordPress.org or this server&#8217;s configuration. If you continue to have problems, please try the <a href="https://wordpress.org/support/">support forums</a>. (WordPress could not establish a secure connection to WordPress.org. Please contact your server administrator.) in C:\xampp\htdocs\maxistentialism-2019-develop\web\wp\wp-includes\update.php on line 160
[26-Jan-2020 20:32:35 UTC] PHP Fatal error:  Uncaught WC_Stripe_Exception: WP_Error Object
(
    [errors] => Array
        (
            [http_request_failed] => Array
                (
                    [0] => cURL error 28: Operation timed out after 70001 milliseconds with 0 bytes received
                )

        )

    [error_data] => Array
        (
        )

)
 in C:\xampp\htdocs\maxistentialism-2019-develop\web\app\plugins\woocommerce-gateway-stripe\includes\class-wc-stripe-api.php:140
Stack trace:
#0 C:\xampp\htdocs\maxistentialism-2019-develop\web\app\plugins\woocommerce-gateway-stripe\includes\class-wc-stripe-customer.php(309): WC_Stripe_API::request(Array, 'customers/cus_G...', 'GET')
#1 C:\xampp\htdocs\maxistentialism-2019-develop\web\app\plugins\woocommerce-gateway-stripe\includes\class-wc-stripe-payment-tokens.php(103): WC_Stripe_Customer->get_sources()
#2 C:\xampp\htdocs\maxistentialism-2019-develop\web\wp\wp-includes\class-wp-hook.php(286): WC_Stripe_Payment_Tokens->woocommerce_get_customer_payment_tokens(Array, 1, 'stripe')
#3 C:\x in C:\xampp\htdocs\maxistentialism-2019-develop\web\app\plugins\woocommerce-gateway-stripe\includes\class-wc-stripe-api.php on line 140
